{"name":"Runs Cucumber Scenarios","status":"broken","statusDetails":{"known":false,"muted":false,"flaky":false,"message":"Element found by locator 'By.xpath: //input[@id='ALLOW_INVENTORYMOVE']' not found on the page: stale element reference: stale element not found\n  (Session info: chrome=115.0.5790.110)\nFor documentation on this error, please visit: https://selenium.dev/exceptions/#stale_element_reference\nBuild info: version: '4.8.0', revision: '267030adea'\nSystem info: os.name: 'Windows 10', os.arch: 'amd64', os.version: '10.0', java.version: '16'\nDriver info: org.openqa.selenium.chrome.ChromeDriver\nCommand: [4858349fa5a5fce50ab061d5167cd686, clickElement {id=E5AD2F98EABBB2E2012CAC31880F86E4_element_192}]\nCapabilities {acceptInsecureCerts: false, browserName: chrome, browserVersion: 115.0.5790.110, chrome: {chromedriverVersion: 114.0.5735.90 (386bc09e8f4f..., userDataDir: C:\\Users\\SNEHA~1.PAL\\AppDat...}, goog:chromeOptions: {debuggerAddress: localhost:59389}, networkConnectionEnabled: false, pageLoadStrategy: normal, platformName: WINDOWS, proxy: Proxy(), se:cdp: ws://localhost:59389/devtoo..., se:cdpVersion: 115.0.5790.110, setWindowRect: true, strictFileInteractability: false, timeouts: {implicit: 0, pageLoad: 300000, script: 30000}, unhandledPromptBehavior: dismiss and notify, webauthn:extension:credBlob: true, webauthn:extension:largeBlob: true, webauthn:extension:minPinLength: true, webauthn:extension:prf: true, webauthn:virtualAuthenticators: true}\nElement: [[ChromeDriver: chrome on WINDOWS (4858349fa5a5fce50ab061d5167cd686)] -> xpath: //input[@id='ALLOW_INVENTORYMOVE']]\nSession ID: 4858349fa5a5fce50ab061d5167cd686","trace":"java.lang.IllegalStateException: Element found by locator 'By.xpath: //input[@id='ALLOW_INVENTORYMOVE']' not found on the page: stale element reference: stale element not found\n  (Session info: chrome=115.0.5790.110)\nFor documentation on this error, please visit: https://selenium.dev/exceptions/#stale_element_reference\nBuild info: version: '4.8.0', revision: '267030adea'\nSystem info: os.name: 'Windows 10', os.arch: 'amd64', os.version: '10.0', java.version: '16'\nDriver info: org.openqa.selenium.chrome.ChromeDriver\nCommand: [4858349fa5a5fce50ab061d5167cd686, clickElement {id=E5AD2F98EABBB2E2012CAC31880F86E4_element_192}]\nCapabilities {acceptInsecureCerts: false, browserName: chrome, browserVersion: 115.0.5790.110, chrome: {chromedriverVersion: 114.0.5735.90 (386bc09e8f4f..., userDataDir: C:\\Users\\SNEHA~1.PAL\\AppDat...}, goog:chromeOptions: {debuggerAddress: localhost:59389}, networkConnectionEnabled: false, pageLoadStrategy: normal, platformName: WINDOWS, proxy: Proxy(), se:cdp: ws://localhost:59389/devtoo..., se:cdpVersion: 115.0.5790.110, setWindowRect: true, strictFileInteractability: false, timeouts: {implicit: 0, pageLoad: 300000, script: 30000}, unhandledPromptBehavior: dismiss and notify, webauthn:extension:credBlob: true, webauthn:extension:largeBlob: true, webauthn:extension:minPinLength: true, webauthn:extension:prf: true, webauthn:virtualAuthenticators: true}\nElement: [[ChromeDriver: chrome on WINDOWS (4858349fa5a5fce50ab061d5167cd686)] -> xpath: //input[@id='ALLOW_INVENTORYMOVE']]\nSession ID: 4858349fa5a5fce50ab061d5167cd686\r\n\tat ui.pages.BasePage.clickOnElement(BasePage.java:203)\r\n\tat ui.pages.setupConfiguration.PalletTypePage.clickMoveInventoryFilter(PalletTypePage.java:82)\r\n\tat steps.setupConfiguration.PalletTypePageSteps.enterMoveInventory(PalletTypePageSteps.java:96)\r\n\tat âœ½.User enter Move inventory and click on Apply button(file:///C:/Users/Sneha.Pallikunnath/ignition-qa/AFS_Automation/WMS_Automation/src/test/resources/features/setupConfiguration/palletType/PalletType.feature:48)\r\nCaused by: org.openqa.selenium.StaleElementReferenceException: stale element reference: stale element not found\n  (Session info: chrome=115.0.5790.110)\nFor documentation on this error, please visit: https://selenium.dev/exceptions/#stale_element_reference\nBuild info: version: '4.8.0', revision: '267030adea'\nSystem info: os.name: 'Windows 10', os.arch: 'amd64', os.version: '10.0', java.version: '16'\nDriver info: org.openqa.selenium.chrome.ChromeDriver\nCommand: [4858349fa5a5fce50ab061d5167cd686, clickElement {id=E5AD2F98EABBB2E2012CAC31880F86E4_element_192}]\nCapabilities {acceptInsecureCerts: false, browserName: chrome, browserVersion: 115.0.5790.110, chrome: {chromedriverVersion: 114.0.5735.90 (386bc09e8f4f..., userDataDir: C:\\Users\\SNEHA~1.PAL\\AppDat...}, goog:chromeOptions: {debuggerAddress: localhost:59389}, networkConnectionEnabled: false, pageLoadStrategy: normal, platformName: WINDOWS, proxy: Proxy(), se:cdp: ws://localhost:59389/devtoo..., se:cdpVersion: 115.0.5790.110, setWindowRect: true, strictFileInteractability: false, timeouts: {implicit: 0, pageLoad: 300000, script: 30000}, unhandledPromptBehavior: dismiss and notify, webauthn:extension:credBlob: true, webauthn:extension:largeBlob: true, webauthn:extension:minPinLength: true, webauthn:extension:prf: true, webauthn:virtualAuthenticators: true}\nElement: [[ChromeDriver: chrome on WINDOWS (4858349fa5a5fce50ab061d5167cd686)] -> xpath: //input[@id='ALLOW_INVENTORYMOVE']]\nSession ID: 4858349fa5a5fce50ab061d5167cd686\r\n\tat java.base/jdk.internal.reflect.NativeConstructorAccessorImpl.newInstance0(Native Method)\r\n\tat java.base/jdk.internal.reflect.NativeConstructorAccessorImpl.newInstance(NativeConstructorAccessorImpl.java:78)\r\n\tat java.base/jdk.internal.reflect.DelegatingConstructorAccessorImpl.newInstance(DelegatingConstructorAccessorImpl.java:45)\r\n\tat java.base/java.lang.reflect.Constructor.newInstanceWithCaller(Constructor.java:499)\r\n\tat java.base/java.lang.reflect.Constructor.newInstance(Constructor.java:480)\r\n\tat org.openqa.selenium.remote.codec.w3c.W3CHttpResponseCodec.createException(W3CHttpResponseCodec.java:200)\r\n\tat org.openqa.selenium.remote.codec.w3c.W3CHttpResponseCodec.decode(W3CHttpResponseCodec.java:133)\r\n\tat org.openqa.selenium.remote.codec.w3c.W3CHttpResponseCodec.decode(W3CHttpResponseCodec.java:53)\r\n\tat org.openqa.selenium.remote.HttpCommandExecutor.execute(HttpCommandExecutor.java:184)\r\n\tat org.openqa.selenium.remote.service.DriverCommandExecutor.invokeExecute(DriverCommandExecutor.java:167)\r\n\tat org.openqa.selenium.remote.service.DriverCommandExecutor.execute(DriverCommandExecutor.java:142)\r\n\tat org.openqa.selenium.remote.RemoteWebDriver.execute(RemoteWebDriver.java:543)\r\n\tat org.openqa.selenium.remote.RemoteWebElement.execute(RemoteWebElement.java:257)\r\n\tat org.openqa.selenium.remote.RemoteWebElement.click(RemoteWebElement.java:78)\r\n\tat ui.pages.BasePage.clickOnElement(BasePage.java:200)\r\n\tat ui.pages.setupConfiguration.PalletTypePage.clickMoveInventoryFilter(PalletTypePage.java:82)\r\n\tat steps.setupConfiguration.PalletTypePageSteps.enterMoveInventory(PalletTypePageSteps.java:96)\r\n\tat java.base/jdk.internal.reflect.NativeMethodAccessorImpl.invoke0(Native Method)\r\n\tat java.base/jdk.internal.reflect.NativeMethodAccessorImpl.invoke(NativeMethodAccessorImpl.java:78)\r\n\tat java.base/jdk.internal.reflect.DelegatingMethodAccessorImpl.invoke(DelegatingMethodAccessorImpl.java:43)\r\n\tat java.base/java.lang.reflect.Method.invoke(Method.java:567)\r\n\tat io.cucumber.java.Invoker.doInvoke(Invoker.java:66)\r\n\tat io.cucumber.java.Invoker.invoke(Invoker.java:24)\r\n\tat io.cucumber.java.AbstractGlueDefinition.invokeMethod(AbstractGlueDefinition.java:47)\r\n\tat io.cucumber.java.JavaStepDefinition.execute(JavaStepDefinition.java:29)\r\n\tat io.cucumber.core.runner.CoreStepDefinition.execute(CoreStepDefinition.java:66)\r\n\tat io.cucumber.core.runner.PickleStepDefinitionMatch.runStep(PickleStepDefinitionMatch.java:63)\r\n\tat io.cucumber.core.runner.ExecutionMode$1.execute(ExecutionMode.java:10)\r\n\tat io.cucumber.core.runner.TestStep.executeStep(TestStep.java:85)\r\n\tat io.cucumber.core.runner.TestStep.run(TestStep.java:57)\r\n\tat io.cucumber.core.runner.PickleStepTestStep.run(PickleStepTestStep.java:51)\r\n\tat io.cucumber.core.runner.TestCase.run(TestCase.java:84)\r\n\tat io.cucumber.core.runner.Runner.runPickle(Runner.java:75)\r\n\tat io.cucumber.testng.TestNGCucumberRunner.lambda$runScenario$1(TestNGCucumberRunner.java:132)\r\n\tat io.cucumber.core.runtime.CucumberExecutionContext.lambda$runTestCase$5(CucumberExecutionContext.java:129)\r\n\tat io.cucumber.core.runtime.RethrowingThrowableCollector.executeAndThrow(RethrowingThrowableCollector.java:23)\r\n\tat io.cucumber.core.runtime.CucumberExecutionContext.runTestCase(CucumberExecutionContext.java:129)\r\n\tat io.cucumber.testng.TestNGCucumberRunner.runScenario(TestNGCucumberRunner.java:129)\r\n\tat io.cucumber.testng.AbstractTestNGCucumberTests.runScenario(AbstractTestNGCucumberTests.java:35)\r\n\tat java.base/jdk.internal.reflect.NativeMethodAccessorImpl.invoke0(Native Method)\r\n\tat java.base/jdk.internal.reflect.NativeMethodAccessorImpl.invoke(NativeMethodAccessorImpl.java:78)\r\n\tat java.base/jdk.internal.reflect.DelegatingMethodAccessorImpl.invoke(DelegatingMethodAccessorImpl.java:43)\r\n\tat java.base/java.lang.reflect.Method.invoke(Method.java:567)\r\n\tat org.testng.internal.invokers.MethodInvocationHelper.invokeMethod(MethodInvocationHelper.java:139)\r\n\tat org.testng.internal.invokers.TestInvoker.invokeMethod(TestInvoker.java:677)\r\n\tat org.testng.internal.invokers.TestInvoker.invokeTestMethod(TestInvoker.java:221)\r\n\tat org.testng.internal.invokers.MethodRunner.runInSequence(MethodRunner.java:50)\r\n\tat org.testng.internal.invokers.TestInvoker$MethodInvocationAgent.invoke(TestInvoker.java:969)\r\n\tat org.testng.internal.invokers.TestInvoker.invokeTestMethods(TestInvoker.java:194)\r\n\tat org.testng.internal.invokers.TestMethodWorker.invokeTestMethods(TestMethodWorker.java:148)\r\n\tat org.testng.internal.invokers.TestMethodWorker.run(TestMethodWorker.java:128)\r\n\tat java.base/java.util.ArrayList.forEach(ArrayList.java:1511)\r\n\tat org.testng.TestRunner.privateRun(TestRunner.java:829)\r\n\tat org.testng.TestRunner.run(TestRunner.java:602)\r\n\tat org.testng.SuiteRunner.runTest(SuiteRunner.java:437)\r\n\tat org.testng.SuiteRunner.runSequentially(SuiteRunner.java:431)\r\n\tat org.testng.SuiteRunner.privateRun(SuiteRunner.java:391)\r\n\tat org.testng.SuiteRunner.run(SuiteRunner.java:330)\r\n\tat org.testng.SuiteRunnerWorker.runSuite(SuiteRunnerWorker.java:52)\r\n\tat org.testng.SuiteRunnerWorker.run(SuiteRunnerWorker.java:95)\r\n\tat org.testng.TestNG.runSuitesSequentially(TestNG.java:1256)\r\n\tat org.testng.TestNG.runSuitesLocally(TestNG.java:1176)\r\n\tat org.testng.TestNG.runSuites(TestNG.java:1099)\r\n\tat org.testng.TestNG.run(TestNG.java:1067)\r\n\tat com.intellij.rt.testng.IDEARemoteTestNG.run(IDEARemoteTestNG.java:66)\r\n\tat com.intellij.rt.testng.RemoteTestNGStarter.main(RemoteTestNGStarter.java:105)\r\n"},"stage":"finished","steps":[{"name":"loginToApplication","status":"passed","stage":"finished","steps":[],"attachments":[],"parameters":[],"start":1690961270095,"stop":1690961280851},{"name":"goToDockManagementSummaryPage","status":"passed","stage":"finished","steps":[],"attachments":[],"parameters":[],"start":1690961280851,"stop":1690961289500},{"name":"setupIconAndConfiguration","status":"passed","stage":"finished","steps":[],"attachments":[],"parameters":[],"start":1690961289519,"stop":1690961295189},{"name":"clickAddFilterButton","status":"passed","stage":"finished","steps":[],"attachments":[],"parameters":[],"start":1690961296884,"stop":1690961321173},{"name":"enterCode","status":"passed","stage":"finished","steps":[],"attachments":[],"parameters":[],"start":1690961321514,"stop":1690961336867},{"name":"verifyClearButton","status":"passed","stage":"finished","steps":[],"attachments":[],"parameters":[],"start":1690961336867,"stop":1690961345266},{"name":"clickDescriptionFilter","status":"passed","stage":"finished","steps":[],"attachments":[],"parameters":[],"start":1690961345266,"stop":1690961351766},{"name":"enterDescription","status":"passed","stage":"finished","steps":[],"attachments":[],"parameters":[],"start":1690961351766,"stop":1690961367132},{"name":"verifyClearButton","status":"passed","stage":"finished","steps":[],"attachments":[],"parameters":[],"start":1690961367132,"stop":1690961375565}],"attachments":[],"parameters":[{"name":"environment","value":"properties/config_test.properties"},{"name":"arg1","value":"\"SetupConfiguration\""},{"name":"browser","value":"properties/config_test.properties"},{"name":"arg0","value":"\"Verify Add Filter on JobType screen\""}],"start":1690961255597,"stop":1690961390910,"uuid":"026c4621-b703-4c65-acb8-8676c2c24688","historyId":"757341f270fb4763e16651d789549e25","fullName":"io.cucumber.testng.AbstractTestNGCucumberTests.runScenario","labels":[{"name":"package","value":"runners.Phase3Runner"},{"name":"testClass","value":"runners.Phase3Runner"},{"name":"testMethod","value":"runScenario"},{"name":"parentSuite","value":"All tests verification"},{"name":"suite","value":"All tests verification"},{"name":"subSuite","value":"runners.Phase3Runner"},{"name":"host","value":"Exceedra-IND-SP"},{"name":"thread","value":"5992@Exceedra-IND-SP.main(1)"},{"name":"framework","value":"testng"},{"name":"language","value":"java"}],"links":[]}