{"name":"Runs Cucumber Scenarios","status":"broken","statusDetails":{"known":false,"muted":false,"flaky":false,"message":"WebDriver exception encountered: element click intercepted: Element <input id=\":r5:\" tabindex=\"-1\" type=\"checkbox\" class=\"k-checkbox k-checkbox-md k-rounded-md\" aria-label=\"Select Row\" aria-checked=\"false\"> is not clickable at point (343, 410). Other element would receive the click: <div class=\"loader-bg\">...</div>\n  (Session info: chrome=137.0.7151.120)\nBuild info: version: '4.20.0', revision: '866c76ca80'\nSystem info: os.name: 'Windows 10', os.arch: 'amd64', os.version: '10.0', java.version: '16.0.2'\nDriver info: org.openqa.selenium.chrome.ChromeDriver\nCommand: [b75c6de0b201fb5e215d6f40b922909a, clickElement {id=f.65B86A69E6003F50E7CE940FB65460A6.d.FA5F69D767804A6C2AE127AD27BA0AF8.e.134}]\nCapabilities {acceptInsecureCerts: false, browserName: chrome, browserVersion: 137.0.7151.120, chrome: {chromedriverVersion: 137.0.7151.119 (e0ac9d12dff..., userDataDir: C:\\Users\\kspri\\AppData\\Loca...}, fedcm:accounts: true, goog:chromeOptions: {debuggerAddress: localhost:63629}, networkConnectionEnabled: false, pageLoadStrategy: normal, platformName: windows, proxy: Proxy(), se:cdp: ws://localhost:63629/devtoo..., se:cdpVersion: 137.0.7151.120, setWindowRect: true, strictFileInteractability: false, timeouts: {implicit: 0, pageLoad: 300000, script: 30000}, unhandledPromptBehavior: dismiss and notify, webauthn:extension:credBlob: true, webauthn:extension:largeBlob: true, webauthn:extension:minPinLength: true, webauthn:extension:prf: true, webauthn:virtualAuthenticators: true}\nElement: [[[[ChromeDriver: chrome on windows (b75c6de0b201fb5e215d6f40b922909a)] -> class name: k-grid-table]] -> xpath: .//tr[contains(@class, 'k-master-row')]//input]\nSession ID: b75c6de0b201fb5e215d6f40b922909a","trace":"java.lang.IllegalStateException: WebDriver exception encountered: element click intercepted: Element <input id=\":r5:\" tabindex=\"-1\" type=\"checkbox\" class=\"k-checkbox k-checkbox-md k-rounded-md\" aria-label=\"Select Row\" aria-checked=\"false\"> is not clickable at point (343, 410). Other element would receive the click: <div class=\"loader-bg\">...</div>\n  (Session info: chrome=137.0.7151.120)\nBuild info: version: '4.20.0', revision: '866c76ca80'\nSystem info: os.name: 'Windows 10', os.arch: 'amd64', os.version: '10.0', java.version: '16.0.2'\nDriver info: org.openqa.selenium.chrome.ChromeDriver\nCommand: [b75c6de0b201fb5e215d6f40b922909a, clickElement {id=f.65B86A69E6003F50E7CE940FB65460A6.d.FA5F69D767804A6C2AE127AD27BA0AF8.e.134}]\nCapabilities {acceptInsecureCerts: false, browserName: chrome, browserVersion: 137.0.7151.120, chrome: {chromedriverVersion: 137.0.7151.119 (e0ac9d12dff..., userDataDir: C:\\Users\\kspri\\AppData\\Loca...}, fedcm:accounts: true, goog:chromeOptions: {debuggerAddress: localhost:63629}, networkConnectionEnabled: false, pageLoadStrategy: normal, platformName: windows, proxy: Proxy(), se:cdp: ws://localhost:63629/devtoo..., se:cdpVersion: 137.0.7151.120, setWindowRect: true, strictFileInteractability: false, timeouts: {implicit: 0, pageLoad: 300000, script: 30000}, unhandledPromptBehavior: dismiss and notify, webauthn:extension:credBlob: true, webauthn:extension:largeBlob: true, webauthn:extension:minPinLength: true, webauthn:extension:prf: true, webauthn:virtualAuthenticators: true}\nElement: [[[[ChromeDriver: chrome on windows (b75c6de0b201fb5e215d6f40b922909a)] -> class name: k-grid-table]] -> xpath: .//tr[contains(@class, 'k-master-row')]//input]\nSession ID: b75c6de0b201fb5e215d6f40b922909a\r\n\tat ui.pages.BasePage.clickOnElement(BasePage.java:173)\r\n\tat ui.pages.lookup.lookuplocation.LocationLookupPage.checksProductByIndex(LocationLookupPage.java:321)\r\n\tat steps.lookup.lookuplocation.LocationLookupPageSteps.checksProductByIndex(LocationLookupPageSteps.java:299)\r\n\tat âœ½.User checks Location Product 1 on Lookup Location page(file:///C:/Users/kspri/OneDrive/Desktop/Ignition%20wms%20code/ignition-qa/AFS_Automation/WMS_Automation/src/test/resources/features/lookup/lookuplocation/LookupLocationScreen2.feature:46)\r\nCaused by: org.openqa.selenium.ElementClickInterceptedException: element click intercepted: Element <input id=\":r5:\" tabindex=\"-1\" type=\"checkbox\" class=\"k-checkbox k-checkbox-md k-rounded-md\" aria-label=\"Select Row\" aria-checked=\"false\"> is not clickable at point (343, 410). Other element would receive the click: <div class=\"loader-bg\">...</div>\n  (Session info: chrome=137.0.7151.120)\nBuild info: version: '4.20.0', revision: '866c76ca80'\nSystem info: os.name: 'Windows 10', os.arch: 'amd64', os.version: '10.0', java.version: '16.0.2'\nDriver info: org.openqa.selenium.chrome.ChromeDriver\nCommand: [b75c6de0b201fb5e215d6f40b922909a, clickElement {id=f.65B86A69E6003F50E7CE940FB65460A6.d.FA5F69D767804A6C2AE127AD27BA0AF8.e.134}]\nCapabilities {acceptInsecureCerts: false, browserName: chrome, browserVersion: 137.0.7151.120, chrome: {chromedriverVersion: 137.0.7151.119 (e0ac9d12dff..., userDataDir: C:\\Users\\kspri\\AppData\\Loca...}, fedcm:accounts: true, goog:chromeOptions: {debuggerAddress: localhost:63629}, networkConnectionEnabled: false, pageLoadStrategy: normal, platformName: windows, proxy: Proxy(), se:cdp: ws://localhost:63629/devtoo..., se:cdpVersion: 137.0.7151.120, setWindowRect: true, strictFileInteractability: false, timeouts: {implicit: 0, pageLoad: 300000, script: 30000}, unhandledPromptBehavior: dismiss and notify, webauthn:extension:credBlob: true, webauthn:extension:largeBlob: true, webauthn:extension:minPinLength: true, webauthn:extension:prf: true, webauthn:virtualAuthenticators: true}\nElement: [[[[ChromeDriver: chrome on windows (b75c6de0b201fb5e215d6f40b922909a)] -> class name: k-grid-table]] -> xpath: .//tr[contains(@class, 'k-master-row')]//input]\nSession ID: b75c6de0b201fb5e215d6f40b922909a\r\n\tat java.base/jdk.internal.reflect.NativeConstructorAccessorImpl.newInstance0(Native Method)\r\n\tat java.base/jdk.internal.reflect.NativeConstructorAccessorImpl.newInstance(NativeConstructorAccessorImpl.java:78)\r\n\tat java.base/jdk.internal.reflect.DelegatingConstructorAccessorImpl.newInstance(DelegatingConstructorAccessorImpl.java:45)\r\n\tat java.base/java.lang.reflect.Constructor.newInstanceWithCaller(Constructor.java:499)\r\n\tat java.base/java.lang.reflect.Constructor.newInstance(Constructor.java:480)\r\n\tat org.openqa.selenium.remote.ErrorCodec.decode(ErrorCodec.java:167)\r\n\tat org.openqa.selenium.remote.codec.w3c.W3CHttpResponseCodec.decode(W3CHttpResponseCodec.java:138)\r\n\tat org.openqa.selenium.remote.codec.w3c.W3CHttpResponseCodec.decode(W3CHttpResponseCodec.java:50)\r\n\tat org.openqa.selenium.remote.HttpCommandExecutor.execute(HttpCommandExecutor.java:190)\r\n\tat org.openqa.selenium.remote.service.DriverCommandExecutor.invokeExecute(DriverCommandExecutor.java:216)\r\n\tat org.openqa.selenium.remote.service.DriverCommandExecutor.execute(DriverCommandExecutor.java:174)\r\n\tat org.openqa.selenium.remote.RemoteWebDriver.execute(RemoteWebDriver.java:518)\r\n\tat org.openqa.selenium.remote.RemoteWebElement.execute(RemoteWebElement.java:223)\r\n\tat org.openqa.selenium.remote.RemoteWebElement.click(RemoteWebElement.java:76)\r\n\tat ui.pages.BasePage.clickOnElement(BasePage.java:169)\r\n\tat ui.pages.lookup.lookuplocation.LocationLookupPage.checksProductByIndex(LocationLookupPage.java:321)\r\n\tat steps.lookup.lookuplocation.LocationLookupPageSteps.checksProductByIndex(LocationLookupPageSteps.java:299)\r\n\tat java.base/jdk.internal.reflect.NativeMethodAccessorImpl.invoke0(Native Method)\r\n\tat java.base/jdk.internal.reflect.NativeMethodAccessorImpl.invoke(NativeMethodAccessorImpl.java:78)\r\n\tat java.base/jdk.internal.reflect.DelegatingMethodAccessorImpl.invoke(DelegatingMethodAccessorImpl.java:43)\r\n\tat java.base/java.lang.reflect.Method.invoke(Method.java:567)\r\n\tat io.cucumber.java.Invoker.doInvoke(Invoker.java:66)\r\n\tat io.cucumber.java.Invoker.invoke(Invoker.java:24)\r\n\tat io.cucumber.java.AbstractGlueDefinition.invokeMethod(AbstractGlueDefinition.java:47)\r\n\tat io.cucumber.java.JavaStepDefinition.execute(JavaStepDefinition.java:29)\r\n\tat io.cucumber.core.runner.CoreStepDefinition.execute(CoreStepDefinition.java:66)\r\n\tat io.cucumber.core.runner.PickleStepDefinitionMatch.runStep(PickleStepDefinitionMatch.java:63)\r\n\tat io.cucumber.core.runner.ExecutionMode$1.execute(ExecutionMode.java:10)\r\n\tat io.cucumber.core.runner.TestStep.executeStep(TestStep.java:85)\r\n\tat io.cucumber.core.runner.TestStep.run(TestStep.java:57)\r\n\tat io.cucumber.core.runner.PickleStepTestStep.run(PickleStepTestStep.java:51)\r\n\tat io.cucumber.core.runner.TestCase.run(TestCase.java:84)\r\n\tat io.cucumber.core.runner.Runner.runPickle(Runner.java:75)\r\n\tat io.cucumber.testng.TestNGCucumberRunner.lambda$runScenario$1(TestNGCucumberRunner.java:132)\r\n\tat io.cucumber.core.runtime.CucumberExecutionContext.lambda$runTestCase$5(CucumberExecutionContext.java:129)\r\n\tat io.cucumber.core.runtime.RethrowingThrowableCollector.executeAndThrow(RethrowingThrowableCollector.java:23)\r\n\tat io.cucumber.core.runtime.CucumberExecutionContext.runTestCase(CucumberExecutionContext.java:129)\r\n\tat io.cucumber.testng.TestNGCucumberRunner.runScenario(TestNGCucumberRunner.java:129)\r\n\tat io.cucumber.testng.AbstractTestNGCucumberTests.runScenario(AbstractTestNGCucumberTests.java:35)\r\n\tat java.base/jdk.internal.reflect.NativeMethodAccessorImpl.invoke0(Native Method)\r\n\tat java.base/jdk.internal.reflect.NativeMethodAccessorImpl.invoke(NativeMethodAccessorImpl.java:78)\r\n\tat java.base/jdk.internal.reflect.DelegatingMethodAccessorImpl.invoke(DelegatingMethodAccessorImpl.java:43)\r\n\tat java.base/java.lang.reflect.Method.invoke(Method.java:567)\r\n\tat org.testng.internal.invokers.MethodInvocationHelper.invokeMethod(MethodInvocationHelper.java:139)\r\n\tat org.testng.internal.invokers.TestInvoker.invokeMethod(TestInvoker.java:677)\r\n\tat org.testng.internal.invokers.TestInvoker.invokeTestMethod(TestInvoker.java:221)\r\n\tat org.testng.internal.invokers.MethodRunner.runInSequence(MethodRunner.java:50)\r\n\tat org.testng.internal.invokers.TestInvoker$MethodInvocationAgent.invoke(TestInvoker.java:969)\r\n\tat org.testng.internal.invokers.TestInvoker.invokeTestMethods(TestInvoker.java:194)\r\n\tat org.testng.internal.invokers.TestMethodWorker.invokeTestMethods(TestMethodWorker.java:148)\r\n\tat org.testng.internal.invokers.TestMethodWorker.run(TestMethodWorker.java:128)\r\n\tat java.base/java.util.ArrayList.forEach(ArrayList.java:1511)\r\n\tat org.testng.TestRunner.privateRun(TestRunner.java:829)\r\n\tat org.testng.TestRunner.run(TestRunner.java:602)\r\n\tat org.testng.SuiteRunner.runTest(SuiteRunner.java:437)\r\n\tat org.testng.SuiteRunner.runSequentially(SuiteRunner.java:431)\r\n\tat org.testng.SuiteRunner.privateRun(SuiteRunner.java:391)\r\n\tat org.testng.SuiteRunner.run(SuiteRunner.java:330)\r\n\tat org.testng.SuiteRunnerWorker.runSuite(SuiteRunnerWorker.java:52)\r\n\tat org.testng.SuiteRunnerWorker.run(SuiteRunnerWorker.java:95)\r\n\tat org.testng.TestNG.runSuitesSequentially(TestNG.java:1256)\r\n\tat org.testng.TestNG.runSuitesLocally(TestNG.java:1176)\r\n\tat org.testng.TestNG.runSuites(TestNG.java:1099)\r\n\tat org.testng.TestNG.run(TestNG.java:1067)\r\n\tat com.intellij.rt.testng.IDEARemoteTestNG.run(IDEARemoteTestNG.java:65)\r\n\tat com.intellij.rt.testng.RemoteTestNGStarter.main(RemoteTestNGStarter.java:105)\r\n"},"stage":"finished","steps":[],"attachments":[],"parameters":[{"name":"arg1","value":"\"Testing Lookup Location functionality\""},{"name":"arg0","value":"\"Checking Non Product Reasons on Lookup Location screen\""}],"start":1751455382423,"stop":1751455443068,"uuid":"4995f45e-2817-4489-8188-1b43090cd90c","historyId":"f5c2025b812b3244d75050c27890aa17","fullName":"io.cucumber.testng.AbstractTestNGCucumberTests.runScenario","labels":[{"name":"package","value":"runners.LookupCucumberLocationsScreenRunner2"},{"name":"testClass","value":"runners.LookupCucumberLocationsScreenRunner2"},{"name":"testMethod","value":"runScenario"},{"name":"parentSuite","value":"Default Suite"},{"name":"suite","value":"AFS_Automation"},{"name":"subSuite","value":"runners.LookupCucumberLocationsScreenRunner2"},{"name":"host","value":"RMTLT340"},{"name":"thread","value":"22792@RMTLT340.main(1)"},{"name":"framework","value":"testng"},{"name":"language","value":"java"}],"links":[]}