{"name":"Runs Cucumber Scenarios","status":"broken","statusDetails":{"known":false,"muted":false,"flaky":false,"message":"WebDriver exception encountered: element click intercepted: Element <button type=\"button\" tabindex=\"0\" id=\"button_1\" class=\"k-button k-button-md k-button-flat k-button-flat-primary k-rounded-md i-filter-popup__footer__button i-primary\">...</button> is not clickable at point (1205, 510). Other element would receive the click: <div class=\"i-btn-checkbox \">...</div>\n  (Session info: chrome=137.0.7151.120)\nBuild info: version: '4.20.0', revision: '866c76ca80'\nSystem info: os.name: 'Windows 10', os.arch: 'amd64', os.version: '10.0', java.version: '16.0.2'\nDriver info: org.openqa.selenium.chrome.ChromeDriver\nCommand: [dacfa4a74fabc5fbaa22f0b14230bd99, clickElement {id=f.3D61277084EDC5155B66DA115B230979.d.84C907332849A862EC5A96C71C02B66D.e.184}]\nCapabilities {acceptInsecureCerts: false, browserName: chrome, browserVersion: 137.0.7151.120, chrome: {chromedriverVersion: 137.0.7151.119 (e0ac9d12dff..., userDataDir: C:\\Users\\kspri\\AppData\\Loca...}, fedcm:accounts: true, goog:chromeOptions: {debuggerAddress: localhost:58465}, networkConnectionEnabled: false, pageLoadStrategy: normal, platformName: windows, proxy: Proxy(), se:cdp: ws://localhost:58465/devtoo..., se:cdpVersion: 137.0.7151.120, setWindowRect: true, strictFileInteractability: false, timeouts: {implicit: 0, pageLoad: 300000, script: 30000}, unhandledPromptBehavior: dismiss and notify, webauthn:extension:credBlob: true, webauthn:extension:largeBlob: true, webauthn:extension:minPinLength: true, webauthn:extension:prf: true, webauthn:virtualAuthenticators: true}\nElement: [[ChromeDriver: chrome on windows (dacfa4a74fabc5fbaa22f0b14230bd99)] -> xpath: //span[text()='Clear all']/parent::button]\nSession ID: dacfa4a74fabc5fbaa22f0b14230bd99","trace":"java.lang.IllegalStateException: WebDriver exception encountered: element click intercepted: Element <button type=\"button\" tabindex=\"0\" id=\"button_1\" class=\"k-button k-button-md k-button-flat k-button-flat-primary k-rounded-md i-filter-popup__footer__button i-primary\">...</button> is not clickable at point (1205, 510). Other element would receive the click: <div class=\"i-btn-checkbox \">...</div>\n  (Session info: chrome=137.0.7151.120)\nBuild info: version: '4.20.0', revision: '866c76ca80'\nSystem info: os.name: 'Windows 10', os.arch: 'amd64', os.version: '10.0', java.version: '16.0.2'\nDriver info: org.openqa.selenium.chrome.ChromeDriver\nCommand: [dacfa4a74fabc5fbaa22f0b14230bd99, clickElement {id=f.3D61277084EDC5155B66DA115B230979.d.84C907332849A862EC5A96C71C02B66D.e.184}]\nCapabilities {acceptInsecureCerts: false, browserName: chrome, browserVersion: 137.0.7151.120, chrome: {chromedriverVersion: 137.0.7151.119 (e0ac9d12dff..., userDataDir: C:\\Users\\kspri\\AppData\\Loca...}, fedcm:accounts: true, goog:chromeOptions: {debuggerAddress: localhost:58465}, networkConnectionEnabled: false, pageLoadStrategy: normal, platformName: windows, proxy: Proxy(), se:cdp: ws://localhost:58465/devtoo..., se:cdpVersion: 137.0.7151.120, setWindowRect: true, strictFileInteractability: false, timeouts: {implicit: 0, pageLoad: 300000, script: 30000}, unhandledPromptBehavior: dismiss and notify, webauthn:extension:credBlob: true, webauthn:extension:largeBlob: true, webauthn:extension:minPinLength: true, webauthn:extension:prf: true, webauthn:virtualAuthenticators: true}\nElement: [[ChromeDriver: chrome on windows (dacfa4a74fabc5fbaa22f0b14230bd99)] -> xpath: //span[text()='Clear all']/parent::button]\nSession ID: dacfa4a74fabc5fbaa22f0b14230bd99\r\n\tat ui.pages.BasePage.clickOnElement(BasePage.java:173)\r\n\tat ui.pages.workqueue.assignmentlist.filteroption.WorkQueueAssignmentsPage.clickClearAllButton(WorkQueueAssignmentsPage.java:414)\r\n\tat steps.workqueue.filteroption.WorkQueueAssignmentsPageSteps.clickClearAllButton(WorkQueueAssignmentsPageSteps.java:79)\r\n\tat âœ½.User clicks Clear All on Work Queue Assignments page(file:///C:/Users/kspri/OneDrive/Desktop/Ignition%20wms%20code/ignition-qa/AFS_Automation/WMS_Automation/src/test/resources/features/workqueue/assignmentlist/filteroption/WorkQueueFilterOptionScreen2.feature:10)\r\nCaused by: org.openqa.selenium.ElementClickInterceptedException: element click intercepted: Element <button type=\"button\" tabindex=\"0\" id=\"button_1\" class=\"k-button k-button-md k-button-flat k-button-flat-primary k-rounded-md i-filter-popup__footer__button i-primary\">...</button> is not clickable at point (1205, 510). Other element would receive the click: <div class=\"i-btn-checkbox \">...</div>\n  (Session info: chrome=137.0.7151.120)\nBuild info: version: '4.20.0', revision: '866c76ca80'\nSystem info: os.name: 'Windows 10', os.arch: 'amd64', os.version: '10.0', java.version: '16.0.2'\nDriver info: org.openqa.selenium.chrome.ChromeDriver\nCommand: [dacfa4a74fabc5fbaa22f0b14230bd99, clickElement {id=f.3D61277084EDC5155B66DA115B230979.d.84C907332849A862EC5A96C71C02B66D.e.184}]\nCapabilities {acceptInsecureCerts: false, browserName: chrome, browserVersion: 137.0.7151.120, chrome: {chromedriverVersion: 137.0.7151.119 (e0ac9d12dff..., userDataDir: C:\\Users\\kspri\\AppData\\Loca...}, fedcm:accounts: true, goog:chromeOptions: {debuggerAddress: localhost:58465}, networkConnectionEnabled: false, pageLoadStrategy: normal, platformName: windows, proxy: Proxy(), se:cdp: ws://localhost:58465/devtoo..., se:cdpVersion: 137.0.7151.120, setWindowRect: true, strictFileInteractability: false, timeouts: {implicit: 0, pageLoad: 300000, script: 30000}, unhandledPromptBehavior: dismiss and notify, webauthn:extension:credBlob: true, webauthn:extension:largeBlob: true, webauthn:extension:minPinLength: true, webauthn:extension:prf: true, webauthn:virtualAuthenticators: true}\nElement: [[ChromeDriver: chrome on windows (dacfa4a74fabc5fbaa22f0b14230bd99)] -> xpath: //span[text()='Clear all']/parent::button]\nSession ID: dacfa4a74fabc5fbaa22f0b14230bd99\r\n\tat java.base/jdk.internal.reflect.NativeConstructorAccessorImpl.newInstance0(Native Method)\r\n\tat java.base/jdk.internal.reflect.NativeConstructorAccessorImpl.newInstance(NativeConstructorAccessorImpl.java:78)\r\n\tat java.base/jdk.internal.reflect.DelegatingConstructorAccessorImpl.newInstance(DelegatingConstructorAccessorImpl.java:45)\r\n\tat java.base/java.lang.reflect.Constructor.newInstanceWithCaller(Constructor.java:499)\r\n\tat java.base/java.lang.reflect.Constructor.newInstance(Constructor.java:480)\r\n\tat org.openqa.selenium.remote.ErrorCodec.decode(ErrorCodec.java:167)\r\n\tat org.openqa.selenium.remote.codec.w3c.W3CHttpResponseCodec.decode(W3CHttpResponseCodec.java:138)\r\n\tat org.openqa.selenium.remote.codec.w3c.W3CHttpResponseCodec.decode(W3CHttpResponseCodec.java:50)\r\n\tat org.openqa.selenium.remote.HttpCommandExecutor.execute(HttpCommandExecutor.java:190)\r\n\tat org.openqa.selenium.remote.service.DriverCommandExecutor.invokeExecute(DriverCommandExecutor.java:216)\r\n\tat org.openqa.selenium.remote.service.DriverCommandExecutor.execute(DriverCommandExecutor.java:174)\r\n\tat org.openqa.selenium.remote.RemoteWebDriver.execute(RemoteWebDriver.java:518)\r\n\tat org.openqa.selenium.remote.RemoteWebElement.execute(RemoteWebElement.java:223)\r\n\tat org.openqa.selenium.remote.RemoteWebElement.click(RemoteWebElement.java:76)\r\n\tat ui.pages.BasePage.clickOnElement(BasePage.java:169)\r\n\tat ui.pages.workqueue.assignmentlist.filteroption.WorkQueueAssignmentsPage.clickClearAllButton(WorkQueueAssignmentsPage.java:414)\r\n\tat steps.workqueue.filteroption.WorkQueueAssignmentsPageSteps.clickClearAllButton(WorkQueueAssignmentsPageSteps.java:79)\r\n\tat java.base/jdk.internal.reflect.NativeMethodAccessorImpl.invoke0(Native Method)\r\n\tat java.base/jdk.internal.reflect.NativeMethodAccessorImpl.invoke(NativeMethodAccessorImpl.java:78)\r\n\tat java.base/jdk.internal.reflect.DelegatingMethodAccessorImpl.invoke(DelegatingMethodAccessorImpl.java:43)\r\n\tat java.base/java.lang.reflect.Method.invoke(Method.java:567)\r\n\tat io.cucumber.java.Invoker.doInvoke(Invoker.java:66)\r\n\tat io.cucumber.java.Invoker.invoke(Invoker.java:24)\r\n\tat io.cucumber.java.AbstractGlueDefinition.invokeMethod(AbstractGlueDefinition.java:47)\r\n\tat io.cucumber.java.JavaStepDefinition.execute(JavaStepDefinition.java:29)\r\n\tat io.cucumber.core.runner.CoreStepDefinition.execute(CoreStepDefinition.java:66)\r\n\tat io.cucumber.core.runner.PickleStepDefinitionMatch.runStep(PickleStepDefinitionMatch.java:63)\r\n\tat io.cucumber.core.runner.ExecutionMode$1.execute(ExecutionMode.java:10)\r\n\tat io.cucumber.core.runner.TestStep.executeStep(TestStep.java:85)\r\n\tat io.cucumber.core.runner.TestStep.run(TestStep.java:57)\r\n\tat io.cucumber.core.runner.PickleStepTestStep.run(PickleStepTestStep.java:51)\r\n\tat io.cucumber.core.runner.TestCase.run(TestCase.java:84)\r\n\tat io.cucumber.core.runner.Runner.runPickle(Runner.java:75)\r\n\tat io.cucumber.testng.TestNGCucumberRunner.lambda$runScenario$1(TestNGCucumberRunner.java:132)\r\n\tat io.cucumber.core.runtime.CucumberExecutionContext.lambda$runTestCase$5(CucumberExecutionContext.java:129)\r\n\tat io.cucumber.core.runtime.RethrowingThrowableCollector.executeAndThrow(RethrowingThrowableCollector.java:23)\r\n\tat io.cucumber.core.runtime.CucumberExecutionContext.runTestCase(CucumberExecutionContext.java:129)\r\n\tat io.cucumber.testng.TestNGCucumberRunner.runScenario(TestNGCucumberRunner.java:129)\r\n\tat io.cucumber.testng.AbstractTestNGCucumberTests.runScenario(AbstractTestNGCucumberTests.java:35)\r\n\tat java.base/jdk.internal.reflect.NativeMethodAccessorImpl.invoke0(Native Method)\r\n\tat java.base/jdk.internal.reflect.NativeMethodAccessorImpl.invoke(NativeMethodAccessorImpl.java:78)\r\n\tat java.base/jdk.internal.reflect.DelegatingMethodAccessorImpl.invoke(DelegatingMethodAccessorImpl.java:43)\r\n\tat java.base/java.lang.reflect.Method.invoke(Method.java:567)\r\n\tat org.testng.internal.invokers.MethodInvocationHelper.invokeMethod(MethodInvocationHelper.java:139)\r\n\tat org.testng.internal.invokers.TestInvoker.invokeMethod(TestInvoker.java:677)\r\n\tat org.testng.internal.invokers.TestInvoker.invokeTestMethod(TestInvoker.java:221)\r\n\tat org.testng.internal.invokers.MethodRunner.runInSequence(MethodRunner.java:50)\r\n\tat org.testng.internal.invokers.TestInvoker$MethodInvocationAgent.invoke(TestInvoker.java:969)\r\n\tat org.testng.internal.invokers.TestInvoker.invokeTestMethods(TestInvoker.java:194)\r\n\tat org.testng.internal.invokers.TestMethodWorker.invokeTestMethods(TestMethodWorker.java:148)\r\n\tat org.testng.internal.invokers.TestMethodWorker.run(TestMethodWorker.java:128)\r\n\tat java.base/java.util.ArrayList.forEach(ArrayList.java:1511)\r\n\tat org.testng.TestRunner.privateRun(TestRunner.java:829)\r\n\tat org.testng.TestRunner.run(TestRunner.java:602)\r\n\tat org.testng.SuiteRunner.runTest(SuiteRunner.java:437)\r\n\tat org.testng.SuiteRunner.runSequentially(SuiteRunner.java:431)\r\n\tat org.testng.SuiteRunner.privateRun(SuiteRunner.java:391)\r\n\tat org.testng.SuiteRunner.run(SuiteRunner.java:330)\r\n\tat org.testng.SuiteRunnerWorker.runSuite(SuiteRunnerWorker.java:52)\r\n\tat org.testng.SuiteRunnerWorker.run(SuiteRunnerWorker.java:95)\r\n\tat org.testng.TestNG.runSuitesSequentially(TestNG.java:1256)\r\n\tat org.testng.TestNG.runSuitesLocally(TestNG.java:1176)\r\n\tat org.testng.TestNG.runSuites(TestNG.java:1099)\r\n\tat org.testng.TestNG.run(TestNG.java:1067)\r\n\tat com.intellij.rt.testng.IDEARemoteTestNG.run(IDEARemoteTestNG.java:65)\r\n\tat com.intellij.rt.testng.RemoteTestNGStarter.main(RemoteTestNGStarter.java:105)\r\n"},"stage":"finished","steps":[],"attachments":[],"parameters":[{"name":"arg1","value":"\"Testing of Work Queue Assignment functionality\""},{"name":"arg0","value":"\"Checking Filter option In Use By of Work Queue Assignments screen functionality\""}],"start":1751440299074,"stop":1751440330942,"uuid":"c67b6314-8e79-470f-b2cb-fa8b7e01fc3b","historyId":"855df8fa2024d0e227628d332f047af6","fullName":"io.cucumber.testng.AbstractTestNGCucumberTests.runScenario","labels":[{"name":"package","value":"runners.WorkQueueFilterOptionCucumberRunner2"},{"name":"testClass","value":"runners.WorkQueueFilterOptionCucumberRunner2"},{"name":"testMethod","value":"runScenario"},{"name":"parentSuite","value":"Default Suite"},{"name":"suite","value":"AFS_Automation"},{"name":"subSuite","value":"runners.WorkQueueFilterOptionCucumberRunner2"},{"name":"host","value":"RMTLT340"},{"name":"thread","value":"26180@RMTLT340.main(1)"},{"name":"framework","value":"testng"},{"name":"language","value":"java"}],"links":[]}