




<!DOCTYPE html>
<html>
<head>
	<meta charset='UTF-8' /> 
	<meta name='description' content='' />
	<meta name='robots' content='noodp, noydir' />
	<meta name='viewport' content='width=device-width, initial-scale=1' />
	<meta id="timeStampFormat" name="timeStampFormat" content='MMM d, yyyy hh:mm:ss a'/>
	
        <link href='https://fonts.googleapis.com/css?family=Source+Sans+Pro:400,600' rel='stylesheet' type='text/css' />
        <link href="https://fonts.googleapis.com/icon?family=Material+Icons" rel="stylesheet" />
        <link href='https://cdn.jsdelivr.net/gh/extent-framework/extent-github-cdn@ff53917fbbdb5ef820abbbe4d199a6942dc771ff/v3html/css/extent.css' type='text/css' rel='stylesheet' />
	
	<title>AFS test automation report</title>

	<style type='text/css'>
		/* json-tree */
		.jstBracket,.jstComma,.jstValue{white-space:pre-wrap}.jstValue{font-size:10px;font-weight:400;font-family:"Lucida Console",Monaco,monospace}.jstProperty{color:#666;word-wrap:break-word}.jstBool{color:#2525CC}.jstNum{color:#D036D0}.jstNull{color:gray}.jstStr{color:#2DB669}.jstFold:after{content:' -';cursor:pointer}.jstExpand{white-space:normal}.jstExpand:after{content:' +';cursor:pointer}.jstFolded{white-space:normal!important}.jstHiddenBlock{display:none}
			
	</style>
	
	<script type="text/javascript">
		/*! json-tree - v0.2.2 - 2017-09-25, MIT LICENSE */
		var JSONTree=function(){var n={"&":"&amp;","<":"&lt;",">":"&gt;",'"':"&quot;","'":"&#x27;","/":"&#x2F;"},t=0,r=0;this.create=function(n,t){return r+=1,N(u(n,0,!1),{class:"jstValue"})};var e=function(t){return t.replace(/[&<>'"]/g,function(t){return n[t]})},s=function(){return r+"_"+t++},u=function(n,t,r){if(null===n)return f(r?t:0);switch(typeof n){case"boolean":return l(n,r?t:0);case"number":return i(n,r?t:0);case"string":return o(n,r?t:0);default:return n instanceof Array?a(n,t,r):c(n,t,r)}},c=function(n,t,r){var e=s(),u=Object.keys(n).map(function(r){return j(r,n[r],t+1,!0)}).join(m()),c=[g("{",r?t:0,e),N(u,{id:e}),p("}",t)].join("\n");return N(c,{})},a=function(n,t,r){var e=s(),c=n.map(function(n){return u(n,t+1,!0)}).join(m());return[g("[",r?t:0,e),N(c,{id:e}),p("]",t)].join("\n")},o=function(n,t){var r=e(JSON.stringify(n));return N(v(r,t),{class:"jstStr"})},i=function(n,t){return N(v(n,t),{class:"jstNum"})},l=function(n,t){return N(v(n,t),{class:"jstBool"})},f=function(n){return N(v("null",n),{class:"jstNull"})},j=function(n,t,r){var s=v(e(JSON.stringify(n))+": ",r),c=N(u(t,r,!1),{});return N(s+c,{class:"jstProperty"})},m=function(){return N(",\n",{class:"jstComma"})},N=function(n,t){return d("span",t,n)},d=function(n,t,r){return"<"+n+Object.keys(t).map(function(n){return" "+n+'="'+t[n]+'"'}).join("")+">"+r+"</"+n+">"},g=function(n,t,r){return N(v(n,t),{class:"jstBracket"})+N("",{class:"jstFold",onclick:"JSONTree.toggle('"+r+"')"})};this.toggle=function(n){var t=document.getElementById(n),r=t.parentNode,e=t.previousElementSibling;""===t.className?(t.className="jstHiddenBlock",r.className="jstFolded",e.className="jstExpand"):(t.className="",r.className="",e.className="jstFold")};var p=function(n,t){return N(v(n,t),{})},v=function(n,t){return Array(2*t+1).join(" ")+n};return this}();
	</script>
</head>
	<body class='extent standard default hide-overflow bdd-report'>
		<div id='theme-selector' alt='Click to toggle theme. To enable by default, use theme configuration.' title='Click to toggle theme. To enable by default, use theme configuration.'>
			<span><i class='material-icons'>desktop_windows</i></span>
		</div>
<nav>
	<div class="nav-wrapper">
        <a href="#!" class="brand-logo black"><img src="https://cdn.jsdelivr.net/gh/extent-framework/extent-github-cdn@ff53917fbbdb5ef820abbbe4d199a6942dc771ff/commons/img/logo.png"></a>
		<!-- slideout menu -->
		<ul id='slide-out' class='side-nav fixed hide-on-med-and-down'>
			<li class='waves-effect active'><a href='#!' view='test-view' onclick="configureView(0);chartsView('test');"><i class='material-icons'>dashboard</i></a></li>
			<li class='waves-effect'><a href='#!' view='category-view' onclick="configureView(1)"><i class='material-icons'>label_outline</i></a></li>
			<li class='waves-effect'><a href='#!' view='exception-view' onclick="configureView(2)"><i class='material-icons'>bug_report</i></a></li>
			<li class='waves-effect'><a href='#!' onclick="configureView(-1);chartsView('dashboard');" view='dashboard-view'><i class='material-icons'>track_changes</i></a></li>
		</ul>
		<!-- report name -->
		<span class='report-name'>Test execution report</span>
		<!-- report headline -->
		<span class='report-headline'></span>
		<!-- nav-right -->
		<ul id='nav-mobile' class='right hide-on-med-and-down nav-right'>
			<a href='#!'>
			<span class='label blue darken-3 suite-start-time'>Feb 11, 2025 10:18:23 PM</span>
			</a>
		</ul>
	</div>
</nav>		<!-- container -->
		<div class='container'>
<div id='test-view' class='view'>
	<section id='controls'>
		<div class='controls grey lighten-4'>
			<!-- test toggle -->
			<div class='chip transparent'>
				<a class='dropdown-button tests-toggle' data-activates='tests-toggle' data-constrainwidth='true' data-beloworigin='true' data-hover='true' href='#'>
				<i class='material-icons'>warning</i> Status
				</a>
				<ul id='tests-toggle' class='dropdown-content'>
										<li status='fail'><a href='#!'>Fail <i class='material-icons red-text'>cancel</i></a></li>
					<li class='divider'></li>
					<li status='clear' clear='true'><a href='#!'>Clear Filters <i class='material-icons'>clear</i></a></li>
				</ul>
			</div>
			<!-- test toggle -->
			<!-- category toggle -->
			<div class='chip transparent'>
				<a class='dropdown-button category-toggle' data-activates='category-toggle' data-constrainwidth='false' data-beloworigin='true' data-hover='true' href='#'>
				<i class='material-icons'>local_offer</i> Category
				</a>
				<ul id='category-toggle' class='dropdown-content'>
					<li><a href='#'>@ImportOrder</a></li>
					<li><a href='#'>@ExportOrder</a></li>
					<li class='divider'></li>
					<li class='clear'><a href='#!' clear='true'>Clear Filters</a></li>
				</ul>
			</div>
			<!-- category toggle -->
			<!-- clear filters -->
			<div class='chip transparent hide'>
				<a class='' id='clear-filters' alt='Clear Filters' title='Clear Filters'>
				<i class='material-icons'>close</i> Clear
				</a>
			</div>
			<!-- clear filters -->
			<!-- enable dashboard -->
			<div id='toggle-test-view-charts' class='chip transparent'>
				<a class='pink-text' id='enable-dashboard' alt='Enable Dashboard' title='Enable Dashboard'>
				<i class='material-icons'>track_changes</i> Dashboard
				</a>
			</div>
			<!-- enable dashboard -->
			<!-- search -->
			<div class='chip transparent' alt='Search Tests' title='Search Tests'>
				<a href="#" class='search-div'>
				<i class='material-icons'>search</i> Search
				</a>
				<div class='input-field left hide'>
					<input id='search-tests' type='text' class='validate browser-default' placeholder='Search Tests...'>
				</div>
			</div>
			<!-- search -->
		</div>
	</section>

<div id='test-view-charts' class='subview-full'>
    <div id='charts-row' class='row nm-v nm-h'>
        <div class='col s12 m4 l4 np-h'>
            <div class='card-panel nm-v'>
                <div class='left panel-name'>Features</div>
                <div class='chart-box' style="max-height:94px;">
                    <canvas id='parent-analysis' width='90' height='70'></canvas>
                </div>
                <div class='block text-small'>
                    <span class='tooltipped' data-position='top' data-tooltip='$0%'>
                    <span class='strong'>0</span> features passed</span>
                </div>
                <div class='block text-small'>
                    <span class='strong tooltipped' data-position='top' data-tooltip='100%'>
                    1</span> features failed, 
                    <span class='strong tooltipped' data-position='top' data-tooltip='0%'>
                    0</span> skipped
                </div>
            </div>
        </div>
        <div class='col s12 m4 l4 np-h'>
            <div class='card-panel nm-v'>
                <div class='left panel-name'>Scenarios</div>
                <div class='chart-box' style="max-height:94px;">
                    <canvas id='child-analysis' width='90' height='70'></canvas>
                </div>
                <div class='block text-small'>
                    <span class='tooltipped' data-position='top' data-tooltip='0%'>
                    <span class='strong'>0</span> scenarios passed</span>
                </div>
                <div class='block text-small'>
                    <span class='strong tooltipped' data-position='top' data-tooltip='100%'>
                    2</span> scenarios failed, 
                    <span class='strong tooltipped' data-position='top' data-tooltip='0%'>
                    0</span> skipped, 
                    <span class='strong tooltipped' data-position='top' data-tooltip='0%'>
                    0</span> others
                </div>
            </div>
        </div>
        <div class='col s12 m4 l4 np-h'>
            <div class='card-panel nm-v'>
                <div class='left panel-name'>Steps</div>
                <div class='chart-box' style="max-height:94px;">
                    <canvas id='grandchild-analysis' width='90' height='70'></canvas>
                </div>
                <div class='block text-small'>
                    <span class='tooltipped' data-position='top' data-tooltip='23%'>
                    <span class='strong'>8</span> steps passed</span>
                </div>
                <div class='block text-small'>
                    <span class='strong tooltipped' data-position='top' data-tooltip='11%'>
                    4</span> steps failed, 
                    <span class='strong tooltipped' data-position='top' data-tooltip='64%'>
                    22</span> skipped, 
                    <span class='strong tooltipped' data-position='top' data-tooltip='0%'>
                    0</span> others
                </div>
            </div>
        </div>
    </div>
    <div id="timeline-chart" class="row nm-v nm-h">
        <div class="col s12 m12 l12 np-h">
            <div class="card-panel">
                <div class='left panel-name'>Timeline (seconds)</div>
                <div class="chart-box" style="width:98%;max-height:145px;">
                    <canvas id="timeline" height="120"></canvas>
                </div>
            </div>
        </div>
    </div>
</div>	
	<div class='subview-left left'>
		<div class='view-summary'>
			<ul id='test-collection' class='test-collection'>
				<li class='test displayed active has-leaf fail' status='fail' bdd='true' test-id='1'>
					<div class='test-heading'>
						<span class='test-name'>Order Entry5</span>
						<span class='test-time'>Feb 11, 2025 10:20:30 PM</span>
						<span class='test-status right fail'>Fail</span>
					</div>
					<div class='test-content hide'>
<div class="sr-filters bdd-filters">
	<a class="btn-floating waves-effect waves-light pass green" title="pass"><i class='material-icons'>check_circle</i></a>
	<a class="btn-floating waves-effect waves-light fail red" title="fail"><i class='material-icons'>cancel</i></a>
	<a class="btn-floating waves-effect waves-light skip blue" title="skip"><i class='material-icons'>redo</i></a>
	<a class="btn-floating waves-effect waves-light clear grey" title="clear"><i class='material-icons'>clear</i></a>
</div>
	<div class='test-desc'>  Used for cration of New order in different ways
  Used for canceling order, editing of order, skipping of order</div>

<div class='scenario node' test-id='2' status='fail'>

	<span class='duration right label'>00 00 11.760</span>
	<div class="bdd-test">
		<div class="scenario-name"><span class='status fail' title='Fail'><i class='material-icons'>cancel</i></span> Scenario: Create an order Open that order and export the order</div>
	</div>
	
	
		<div class='category-list'>
				<span class='category label'>@ExportOrder</span>
		</div>
	
	<ul class='steps'>
		<li test-id='90' class='node given Pass' status='Pass'>
			<div class="step-name" title="(stepDefination_DSD_OMS.OrderEntryPageSteps.OrderEntryPageSteps.user_enters_url_and_is_on_login_page_and_entered_credentials())"><span class='status pass' title='Pass'><i class='material-icons'>check_circle</i></span>Given User enters URL and is on login page and entered credentials</div>


		</li>
		<li test-id='91' class='node when Pass' status='Pass'>
			<div class="step-name" title="(stepDefination_DSD_OMS.OrderEntryPageSteps.OrderEntryPageSteps.user_is_on_home_page())"><span class='status pass' title='Pass'><i class='material-icons'>check_circle</i></span>When User is on Home Page</div>


		</li>
		<li test-id='92' class='node then Pass' status='Pass'>
			<div class="step-name" title="(stepDefination_DSD_OMS.OrderEntryPageSteps.OrderEntryPageSteps.user_navigate_to_client_side())"><span class='status pass' title='Pass'><i class='material-icons'>check_circle</i></span>Then User navigate to Client side</div>


		</li>
		<li test-id='93' class='node then Pass' status='Pass'>
			<div class="step-name" title="(stepDefination_DSD_OMS.OrderEntryPageSteps.OrderEntryPageSteps.user_should_select_order_entry_tab())"><span class='status pass' title='Pass'><i class='material-icons'>check_circle</i></span>Then User should select Order Entry tab</div>


		</li>
		<li test-id='94' class='node then Fail' status='Fail'>
			<div class="step-name" title="(stepDefination_DSD_OMS.OrderEntryPageSteps.OrderEntryPageSteps.user_selects_account())"><span class='status fail' title='Fail'><i class='material-icons'>cancel</i></span>Then User selects Account#</div>


					<textarea disabled class="code-block">org.openqa.selenium.NoSuchWindowException: no such window: target window already closed
from unknown error: web view not found
  (Session info: chrome=132.0.6834.160)
Build info: version: '4.27.0', revision: 'd6e718d134'
System info: os.name: 'Windows 11', os.arch: 'amd64', os.version: '10.0', java.version: '22.0.2'
Driver info: org.openqa.selenium.chrome.ChromeDriver
Command: [59263c036ec62a2bec79222b5840df6b, findElement {using=xpath, value=//div[@class='loader']}]
Capabilities {acceptInsecureCerts: false, browserName: chrome, browserVersion: 132.0.6834.160, chrome: {chromedriverVersion: 132.0.6834.159 (2d77d3fc445..., userDataDir: C:\Users\DIVYA~1.RAM\AppDat...}, fedcm:accounts: true, goog:chromeOptions: {debuggerAddress: localhost:56070}, networkConnectionEnabled: false, pageLoadStrategy: normal, platformName: windows, proxy: Proxy(), se:cdp: ws://localhost:56070/devtoo..., se:cdpVersion: 132.0.6834.160, setWindowRect: true, strictFileInteractability: false, timeouts: {implicit: 0, pageLoad: 300000, script: 30000}, unhandledPromptBehavior: dismiss and notify, webauthn:extension:credBlob: true, webauthn:extension:largeBlob: true, webauthn:extension:minPinLength: true, webauthn:extension:prf: true, webauthn:virtualAuthenticators: true}
Session ID: 59263c036ec62a2bec79222b5840df6b
	at java.base/jdk.internal.reflect.DirectConstructorHandleAccessor.newInstance(DirectConstructorHandleAccessor.java:62)
	at java.base/java.lang.reflect.Constructor.newInstanceWithCaller(Constructor.java:502)
	at java.base/java.lang.reflect.Constructor.newInstance(Constructor.java:486)
	at org.openqa.selenium.remote.ErrorCodec.decode(ErrorCodec.java:167)
	at org.openqa.selenium.remote.codec.w3c.W3CHttpResponseCodec.decode(W3CHttpResponseCodec.java:138)
	at org.openqa.selenium.remote.codec.w3c.W3CHttpResponseCodec.decode(W3CHttpResponseCodec.java:50)
	at org.openqa.selenium.remote.HttpCommandExecutor.execute(HttpCommandExecutor.java:190)
	at org.openqa.selenium.remote.service.DriverCommandExecutor.invokeExecute(DriverCommandExecutor.java:216)
	at org.openqa.selenium.remote.service.DriverCommandExecutor.execute(DriverCommandExecutor.java:174)
	at org.openqa.selenium.remote.RemoteWebDriver.execute(RemoteWebDriver.java:545)
	at org.openqa.selenium.remote.ElementLocation$ElementFinder$2.findElement(ElementLocation.java:165)
	at org.openqa.selenium.remote.ElementLocation.findElement(ElementLocation.java:59)
	at org.openqa.selenium.remote.RemoteWebDriver.findElement(RemoteWebDriver.java:368)
	at org.openqa.selenium.remote.RemoteWebDriver.findElement(RemoteWebDriver.java:362)
	at org.openqa.selenium.support.ui.ExpectedConditions$20.apply(ExpectedConditions.java:569)
	at org.openqa.selenium.support.ui.ExpectedConditions$20.apply(ExpectedConditions.java:565)
	at org.openqa.selenium.support.ui.FluentWait.until(FluentWait.java:203)
	at pages_DSD_OMS.orderEntry.OrderEntryPage.ChangeAccount(OrderEntryPage.java:488)
	at stepDefination_DSD_OMS.OrderEntryPageSteps.OrderEntryPageSteps.user_selects_account(OrderEntryPageSteps.java:119)
	at ✽.User selects Account#(file:///C:/Users/Divya.Ramadas/IdeaProjects/ignition-qa/AFS_Automation/OMS_Automation/src/test/resources/features_DSD_OMS/OrderEntryFeature/orderEntryFeature5.feature:10)
</textarea>
		</li>
		<li test-id='95' class='node given Skip' status='Skip'>
			<div class="step-name" title="(stepDefination_DSD_OMS.OrderEntryPageSteps.OrderEntryPageSteps.user_must_be_on_order_entry_page())"><span class='status skip' title='Skip'><i class='material-icons'>redo</i></span>Given User must be on Order Entry Page</div>


					<div class="node-step">Step skipped</div>
		</li>
		<li test-id='96' class='node then Skip' status='Skip'>
			<div class="step-name" title="(stepDefination_DSD_OMS.OrderEntryPageSteps.OrderEntryPageSteps.user_must_click_start_order_button())"><span class='status skip' title='Skip'><i class='material-icons'>redo</i></span>Then User must click Start Order button</div>


					<div class="node-step">Step skipped</div>
		</li>
		<li test-id='97' class='node then Skip' status='Skip'>
			<div class="step-name" title="(stepDefination_DSD_OMS.OrderEntryPageSteps.OrderEntryPageSteps.user_should_make_selection_between_pending_order_or_start_new_order())"><span class='status skip' title='Skip'><i class='material-icons'>redo</i></span>Then User should make selection between Pending order or Start New order</div>


					<div class="node-step">Step skipped</div>
		</li>
		<li test-id='98' class='node then Skip' status='Skip'>
			<div class="step-name" title="(stepDefination_DSD_OMS.OrderEntryPageSteps.OrderEntryPageSteps.userShouldSelectNoteFromPopupAndOrderGuideFromPopup())"><span class='status skip' title='Skip'><i class='material-icons'>redo</i></span>Then User should select Note from popup and Order guide from popup</div>


					<div class="node-step">Step skipped</div>
		</li>
		<li test-id='99' class='node then Skip' status='Skip'>
			<div class="step-name" title="(stepDefination_DSD_OMS.OrderEntryPageSteps.OrderEntryPageSteps.enter_po_for_new_order(io.cucumber.datatable.DataTable))"><span class='status skip' title='Skip'><i class='material-icons'>redo</i></span>Then Enter PO# for New order</div>


					<div class="node-step"><table class='markup-table table '><tr><td>PO123</td></tr></table></div>
					<div class="node-step">Step skipped</div>
		</li>
		<li test-id='100' class='node then Skip' status='Skip'>
			<div class="step-name" title="(stepDefination_DSD_OMS.OrderEntryPageSteps.OrderEntryPageSteps.enter_pro_in_quick_product_entry_area())"><span class='status skip' title='Skip'><i class='material-icons'>redo</i></span>Then Enter Pro# in Quick Product Entry area</div>


					<div class="node-step">Step skipped</div>
		</li>
		<li test-id='101' class='node and Skip' status='Skip'>
			<div class="step-name" title="(stepDefination_DSD_OMS.OrderEntryPageSteps.OrderEntryPageSteps.check_for_case_and_unit_input_box_enabled_or_not_based_on_that_enter_value(io.cucumber.datatable.DataTable))"><span class='status skip' title='Skip'><i class='material-icons'>redo</i></span>And Check for Case and Unit input box enabled or not based on that enter value</div>


					<div class="node-step"><table class='markup-table table '><tr><td>1</td><td>1</td></tr></table></div>
					<div class="node-step">Step skipped</div>
		</li>
		<li test-id='102' class='node then Skip' status='Skip'>
			<div class="step-name" title="(stepDefination_DSD_OMS.OrderEntryPageSteps.OrderEntryPageSteps.click_on_next_button())"><span class='status skip' title='Skip'><i class='material-icons'>redo</i></span>Then Click on Next button</div>


					<div class="node-step">Step skipped</div>
		</li>
		<li test-id='103' class='node and Skip' status='Skip'>
			<div class="step-name" title="(stepDefination_DSD_OMS.OrderEntryPageSteps.OrderEntryPageSteps.click_on_submit_order_button_and_read_order_no())"><span class='status skip' title='Skip'><i class='material-icons'>redo</i></span>And Click on Submit Order button and read Order_no</div>


					<div class="node-step">Step skipped</div>
		</li>
		<li test-id='104' class='node then Skip' status='Skip'>
			<div class="step-name" title="(stepDefination_DSD_OMS.OrderEntryPageSteps.OrderEntryPageSteps.user_should_be_navigated_to_order_entry_page())"><span class='status skip' title='Skip'><i class='material-icons'>redo</i></span>Then User should be navigated to Order Entry page</div>


					<div class="node-step">Step skipped</div>
		</li>
		<li test-id='105' class='node then Skip' status='Skip'>
			<div class="step-name" title="(stepDefination_DSD_OMS.OrderEntryPageSteps.OrderEntryPageSteps.enter_order_in_search_box_in_order_entry_page())"><span class='status skip' title='Skip'><i class='material-icons'>redo</i></span>Then Enter Order# in Search box in Order Entry page</div>


					<div class="node-step">Step skipped</div>
		</li>
		<li test-id='106' class='node then Skip' status='Skip'>
			<div class="step-name" title="(stepDefination_DSD_OMS.OrderEntryPageSteps.OrderEntryPageSteps.click_on_order_number_in_order_entry_page())"><span class='status skip' title='Skip'><i class='material-icons'>redo</i></span>Then Click on Order number in Order Entry page</div>


					<div class="node-step">Step skipped</div>
		</li>
		<li test-id='107' class='node then Skip' status='Skip'>
			<div class="step-name" title="(stepDefination_DSD_OMS.OrderEntryPageSteps.OrderEntryPageSteps.navigate_to_newoe_page_and_click_on_export_button())"><span class='status skip' title='Skip'><i class='material-icons'>redo</i></span>Then navigate to newOE page and Click on Export button</div>


					<div class="node-step">Step skipped</div>
		</li>
		<li test-id='108' class='node * Fail' status='Fail'>
			<div class="step-name" title="(AFTER)"><span class='status fail' title='Fail'><i class='material-icons'>cancel</i></span>stepDefination_DSD_OMS.LoginPageStep.afterScenario1(io.cucumber.java.Scenario)</div>


					<textarea disabled class="code-block">org.openqa.selenium.NoSuchWindowException: no such window: target window already closed
from unknown error: web view not found
  (Session info: chrome=132.0.6834.160)
Build info: version: '4.27.0', revision: 'd6e718d134'
System info: os.name: 'Windows 11', os.arch: 'amd64', os.version: '10.0', java.version: '22.0.2'
Driver info: org.openqa.selenium.chrome.ChromeDriver
Command: [59263c036ec62a2bec79222b5840df6b, screenshot {}]
Capabilities {acceptInsecureCerts: false, browserName: chrome, browserVersion: 132.0.6834.160, chrome: {chromedriverVersion: 132.0.6834.159 (2d77d3fc445..., userDataDir: C:\Users\DIVYA~1.RAM\AppDat...}, fedcm:accounts: true, goog:chromeOptions: {debuggerAddress: localhost:56070}, networkConnectionEnabled: false, pageLoadStrategy: normal, platformName: windows, proxy: Proxy(), se:cdp: ws://localhost:56070/devtoo..., se:cdpVersion: 132.0.6834.160, setWindowRect: true, strictFileInteractability: false, timeouts: {implicit: 0, pageLoad: 300000, script: 30000}, unhandledPromptBehavior: dismiss and notify, webauthn:extension:credBlob: true, webauthn:extension:largeBlob: true, webauthn:extension:minPinLength: true, webauthn:extension:prf: true, webauthn:virtualAuthenticators: true}
Session ID: 59263c036ec62a2bec79222b5840df6b
	at java.base/jdk.internal.reflect.DirectConstructorHandleAccessor.newInstance(DirectConstructorHandleAccessor.java:62)
	at java.base/java.lang.reflect.Constructor.newInstanceWithCaller(Constructor.java:502)
	at java.base/java.lang.reflect.Constructor.newInstance(Constructor.java:486)
	at org.openqa.selenium.remote.ErrorCodec.decode(ErrorCodec.java:167)
	at org.openqa.selenium.remote.codec.w3c.W3CHttpResponseCodec.decode(W3CHttpResponseCodec.java:138)
	at org.openqa.selenium.remote.codec.w3c.W3CHttpResponseCodec.decode(W3CHttpResponseCodec.java:50)
	at org.openqa.selenium.remote.HttpCommandExecutor.execute(HttpCommandExecutor.java:190)
	at org.openqa.selenium.remote.service.DriverCommandExecutor.invokeExecute(DriverCommandExecutor.java:216)
	at org.openqa.selenium.remote.service.DriverCommandExecutor.execute(DriverCommandExecutor.java:174)
	at org.openqa.selenium.remote.RemoteWebDriver.execute(RemoteWebDriver.java:545)
	at org.openqa.selenium.remote.RemoteWebDriver.execute(RemoteWebDriver.java:618)
	at org.openqa.selenium.remote.RemoteWebDriver.execute(RemoteWebDriver.java:622)
	at org.openqa.selenium.remote.RemoteWebDriver.getScreenshotAs(RemoteWebDriver.java:334)
	at stepDefination_DSD_OMS.LoginPageStep.afterScenario1(LoginPageStep.java:77)
</textarea>
		</li>
	</ul>
</div>
<div class='scenario node' test-id='109' status='fail'>

	<span class='duration right label'>00 00 00.543</span>
	<div class="bdd-test">
		<div class="scenario-name"><span class='status fail' title='Fail'><i class='material-icons'>cancel</i></span> Scenario: Create an order by importing .csv files</div>
	</div>
	
	
		<div class='category-list'>
				<span class='category label'>@ImportOrder</span>
		</div>
	
	<ul class='steps'>
		<li test-id='197' class='node given Pass' status='Pass'>
			<div class="step-name" title="(stepDefination_DSD_OMS.OrderEntryPageSteps.OrderEntryPageSteps.user_enters_url_and_is_on_login_page_and_entered_credentials())"><span class='status pass' title='Pass'><i class='material-icons'>check_circle</i></span>Given User enters URL and is on login page and entered credentials</div>


		</li>
		<li test-id='198' class='node when Pass' status='Pass'>
			<div class="step-name" title="(stepDefination_DSD_OMS.OrderEntryPageSteps.OrderEntryPageSteps.user_is_on_home_page())"><span class='status pass' title='Pass'><i class='material-icons'>check_circle</i></span>When User is on Home Page</div>


		</li>
		<li test-id='199' class='node then Pass' status='Pass'>
			<div class="step-name" title="(stepDefination_DSD_OMS.OrderEntryPageSteps.OrderEntryPageSteps.user_navigate_to_client_side())"><span class='status pass' title='Pass'><i class='material-icons'>check_circle</i></span>Then User navigate to Client side</div>


		</li>
		<li test-id='200' class='node then Pass' status='Pass'>
			<div class="step-name" title="(stepDefination_DSD_OMS.OrderEntryPageSteps.OrderEntryPageSteps.user_should_select_order_entry_tab())"><span class='status pass' title='Pass'><i class='material-icons'>check_circle</i></span>Then User should select Order Entry tab</div>


		</li>
		<li test-id='201' class='node then Fail' status='Fail'>
			<div class="step-name" title="(stepDefination_DSD_OMS.OrderEntryPageSteps.OrderEntryPageSteps.user_selects_account())"><span class='status fail' title='Fail'><i class='material-icons'>cancel</i></span>Then User selects Account#</div>


					<textarea disabled class="code-block">org.openqa.selenium.NoSuchWindowException: no such window: target window already closed
from unknown error: web view not found
  (Session info: chrome=132.0.6834.160)
Build info: version: '4.27.0', revision: 'd6e718d134'
System info: os.name: 'Windows 11', os.arch: 'amd64', os.version: '10.0', java.version: '22.0.2'
Driver info: org.openqa.selenium.chrome.ChromeDriver
Command: [59263c036ec62a2bec79222b5840df6b, findElement {using=xpath, value=//div[@class='loader']}]
Capabilities {acceptInsecureCerts: false, browserName: chrome, browserVersion: 132.0.6834.160, chrome: {chromedriverVersion: 132.0.6834.159 (2d77d3fc445..., userDataDir: C:\Users\DIVYA~1.RAM\AppDat...}, fedcm:accounts: true, goog:chromeOptions: {debuggerAddress: localhost:56070}, networkConnectionEnabled: false, pageLoadStrategy: normal, platformName: windows, proxy: Proxy(), se:cdp: ws://localhost:56070/devtoo..., se:cdpVersion: 132.0.6834.160, setWindowRect: true, strictFileInteractability: false, timeouts: {implicit: 0, pageLoad: 300000, script: 30000}, unhandledPromptBehavior: dismiss and notify, webauthn:extension:credBlob: true, webauthn:extension:largeBlob: true, webauthn:extension:minPinLength: true, webauthn:extension:prf: true, webauthn:virtualAuthenticators: true}
Session ID: 59263c036ec62a2bec79222b5840df6b
	at java.base/jdk.internal.reflect.DirectConstructorHandleAccessor.newInstance(DirectConstructorHandleAccessor.java:62)
	at java.base/java.lang.reflect.Constructor.newInstanceWithCaller(Constructor.java:502)
	at java.base/java.lang.reflect.Constructor.newInstance(Constructor.java:486)
	at org.openqa.selenium.remote.ErrorCodec.decode(ErrorCodec.java:167)
	at org.openqa.selenium.remote.codec.w3c.W3CHttpResponseCodec.decode(W3CHttpResponseCodec.java:138)
	at org.openqa.selenium.remote.codec.w3c.W3CHttpResponseCodec.decode(W3CHttpResponseCodec.java:50)
	at org.openqa.selenium.remote.HttpCommandExecutor.execute(HttpCommandExecutor.java:190)
	at org.openqa.selenium.remote.service.DriverCommandExecutor.invokeExecute(DriverCommandExecutor.java:216)
	at org.openqa.selenium.remote.service.DriverCommandExecutor.execute(DriverCommandExecutor.java:174)
	at org.openqa.selenium.remote.RemoteWebDriver.execute(RemoteWebDriver.java:545)
	at org.openqa.selenium.remote.ElementLocation$ElementFinder$2.findElement(ElementLocation.java:165)
	at org.openqa.selenium.remote.ElementLocation.findElement(ElementLocation.java:59)
	at org.openqa.selenium.remote.RemoteWebDriver.findElement(RemoteWebDriver.java:368)
	at org.openqa.selenium.remote.RemoteWebDriver.findElement(RemoteWebDriver.java:362)
	at org.openqa.selenium.support.ui.ExpectedConditions$20.apply(ExpectedConditions.java:569)
	at org.openqa.selenium.support.ui.ExpectedConditions$20.apply(ExpectedConditions.java:565)
	at org.openqa.selenium.support.ui.FluentWait.until(FluentWait.java:203)
	at pages_DSD_OMS.orderEntry.OrderEntryPage.ChangeAccount(OrderEntryPage.java:488)
	at stepDefination_DSD_OMS.OrderEntryPageSteps.OrderEntryPageSteps.user_selects_account(OrderEntryPageSteps.java:119)
	at ✽.User selects Account#(file:///C:/Users/Divya.Ramadas/IdeaProjects/ignition-qa/AFS_Automation/OMS_Automation/src/test/resources/features_DSD_OMS/OrderEntryFeature/orderEntryFeature5.feature:10)
</textarea>
		</li>
		<li test-id='202' class='node given Skip' status='Skip'>
			<div class="step-name" title="(stepDefination_DSD_OMS.OrderEntryPageSteps.OrderEntryPageSteps.user_must_be_on_order_entry_page())"><span class='status skip' title='Skip'><i class='material-icons'>redo</i></span>Given User must be on Order Entry Page</div>


					<div class="node-step">Step skipped</div>
		</li>
		<li test-id='203' class='node then Skip' status='Skip'>
			<div class="step-name" title="(stepDefination_DSD_OMS.OrderEntryPageSteps.OrderEntryPageSteps.user_must_click_start_order_button())"><span class='status skip' title='Skip'><i class='material-icons'>redo</i></span>Then User must click Start Order button</div>


					<div class="node-step">Step skipped</div>
		</li>
		<li test-id='204' class='node then Skip' status='Skip'>
			<div class="step-name" title="(stepDefination_DSD_OMS.OrderEntryPageSteps.OrderEntryPageSteps.user_should_make_selection_between_pending_order_or_start_new_order())"><span class='status skip' title='Skip'><i class='material-icons'>redo</i></span>Then User should make selection between Pending order or Start New order</div>


					<div class="node-step">Step skipped</div>
		</li>
		<li test-id='205' class='node then Skip' status='Skip'>
			<div class="step-name" title="(stepDefination_DSD_OMS.OrderEntryPageSteps.OrderEntryPageSteps.userShouldSelectNoteFromPopupAndOrderGuideFromPopup())"><span class='status skip' title='Skip'><i class='material-icons'>redo</i></span>Then User should select Note from popup and Order guide from popup</div>


					<div class="node-step">Step skipped</div>
		</li>
		<li test-id='206' class='node then Skip' status='Skip'>
			<div class="step-name" title="(stepDefination_DSD_OMS.OrderEntryPageSteps.OrderEntryPageSteps.enter_po_for_new_order(io.cucumber.datatable.DataTable))"><span class='status skip' title='Skip'><i class='material-icons'>redo</i></span>Then Enter PO# for New order</div>


					<div class="node-step"><table class='markup-table table '><tr><td>PO123</td></tr></table></div>
					<div class="node-step">Step skipped</div>
		</li>
		<li test-id='207' class='node and Skip' status='Skip'>
			<div class="step-name" title="(stepDefination_DSD_OMS.OrderEntryPageSteps.OrderEntryPageSteps.click_on_import_button())"><span class='status skip' title='Skip'><i class='material-icons'>redo</i></span>And Click on Import button</div>


					<div class="node-step">Step skipped</div>
		</li>
		<li test-id='208' class='node then Skip' status='Skip'>
			<div class="step-name" title="(stepDefination_DSD_OMS.OrderEntryPageSteps.OrderEntryPageSteps.click_on_next_button())"><span class='status skip' title='Skip'><i class='material-icons'>redo</i></span>Then Click on Next button</div>


					<div class="node-step">Step skipped</div>
		</li>
		<li test-id='209' class='node and Skip' status='Skip'>
			<div class="step-name" title="(stepDefination_DSD_OMS.OrderEntryPageSteps.OrderEntryPageSteps.click_on_submit_order_button_and_read_order_no())"><span class='status skip' title='Skip'><i class='material-icons'>redo</i></span>And Click on Submit Order button and read Order_no</div>


					<div class="node-step">Step skipped</div>
		</li>
		<li test-id='210' class='node then Skip' status='Skip'>
			<div class="step-name" title="(stepDefination_DSD_OMS.OrderEntryPageSteps.OrderEntryPageSteps.user_should_be_navigated_to_order_entry_page())"><span class='status skip' title='Skip'><i class='material-icons'>redo</i></span>Then User should be navigated to Order Entry page</div>


					<div class="node-step">Step skipped</div>
		</li>
		<li test-id='211' class='node * Fail' status='Fail'>
			<div class="step-name" title="(AFTER)"><span class='status fail' title='Fail'><i class='material-icons'>cancel</i></span>stepDefination_DSD_OMS.LoginPageStep.afterScenario1(io.cucumber.java.Scenario)</div>


					<textarea disabled class="code-block">org.openqa.selenium.NoSuchWindowException: no such window: target window already closed
from unknown error: web view not found
  (Session info: chrome=132.0.6834.160)
Build info: version: '4.27.0', revision: 'd6e718d134'
System info: os.name: 'Windows 11', os.arch: 'amd64', os.version: '10.0', java.version: '22.0.2'
Driver info: org.openqa.selenium.chrome.ChromeDriver
Command: [59263c036ec62a2bec79222b5840df6b, screenshot {}]
Capabilities {acceptInsecureCerts: false, browserName: chrome, browserVersion: 132.0.6834.160, chrome: {chromedriverVersion: 132.0.6834.159 (2d77d3fc445..., userDataDir: C:\Users\DIVYA~1.RAM\AppDat...}, fedcm:accounts: true, goog:chromeOptions: {debuggerAddress: localhost:56070}, networkConnectionEnabled: false, pageLoadStrategy: normal, platformName: windows, proxy: Proxy(), se:cdp: ws://localhost:56070/devtoo..., se:cdpVersion: 132.0.6834.160, setWindowRect: true, strictFileInteractability: false, timeouts: {implicit: 0, pageLoad: 300000, script: 30000}, unhandledPromptBehavior: dismiss and notify, webauthn:extension:credBlob: true, webauthn:extension:largeBlob: true, webauthn:extension:minPinLength: true, webauthn:extension:prf: true, webauthn:virtualAuthenticators: true}
Session ID: 59263c036ec62a2bec79222b5840df6b
	at java.base/jdk.internal.reflect.DirectConstructorHandleAccessor.newInstance(DirectConstructorHandleAccessor.java:62)
	at java.base/java.lang.reflect.Constructor.newInstanceWithCaller(Constructor.java:502)
	at java.base/java.lang.reflect.Constructor.newInstance(Constructor.java:486)
	at org.openqa.selenium.remote.ErrorCodec.decode(ErrorCodec.java:167)
	at org.openqa.selenium.remote.codec.w3c.W3CHttpResponseCodec.decode(W3CHttpResponseCodec.java:138)
	at org.openqa.selenium.remote.codec.w3c.W3CHttpResponseCodec.decode(W3CHttpResponseCodec.java:50)
	at org.openqa.selenium.remote.HttpCommandExecutor.execute(HttpCommandExecutor.java:190)
	at org.openqa.selenium.remote.service.DriverCommandExecutor.invokeExecute(DriverCommandExecutor.java:216)
	at org.openqa.selenium.remote.service.DriverCommandExecutor.execute(DriverCommandExecutor.java:174)
	at org.openqa.selenium.remote.RemoteWebDriver.execute(RemoteWebDriver.java:545)
	at org.openqa.selenium.remote.RemoteWebDriver.execute(RemoteWebDriver.java:618)
	at org.openqa.selenium.remote.RemoteWebDriver.execute(RemoteWebDriver.java:622)
	at org.openqa.selenium.remote.RemoteWebDriver.getScreenshotAs(RemoteWebDriver.java:334)
	at stepDefination_DSD_OMS.LoginPageStep.afterScenario1(LoginPageStep.java:77)
</textarea>
		</li>
	</ul>
</div>
					</div>
				</li>
			</ul>
		</div>
	</div>
	
	
	<!-- subview left -->
	<div class='subview-right left'>
		<div class='view-summary'>
			<div id='step-filters' class="right sr-filters">
				<a class="btn-floating waves-effect waves-light green" status="pass" alt="pass" title="pass"><i class="material-icons">check_circle</i></a>
				<a class="btn-floating waves-effect waves-light red" status="fail" alt="fail" title="fail"><i class="material-icons">cancel</i></a>
				<a class="btn-floating waves-effect waves-light red darken-4" status="fatal" alt="fatal" title="fatal"><i class="material-icons">cancel</i></a>
				<a class="btn-floating waves-effect waves-light pink text-lighten-1" status="error" alt="error" title="error"><i class="material-icons">error</i></a>
				<a class="btn-floating waves-effect waves-light orange" alt="warning" status="warning" title="warning"><i class="material-icons">warning</i></a>
				<a class="btn-floating waves-effect waves-light teal" status="skip" alt="skip" title="skip"><i class="material-icons">redo</i></a>
				<a class="btn-floating waves-effect waves-light grey" status="clear" alt="Clear filters" title="Clear filters"><i class="material-icons">clear</i></a>
			</div>
			<h5 class='test-name'></h5>
		</div>
	</div>
	<!-- subview right -->
</div>
<!-- test view --><div id='category-view' class='view hide'>
	<section id='controls'>
		<div class='controls grey lighten-4'>
			<!-- search -->
			<div class='chip transparent' alt='Search Tests' title='Search Tests'>
				<a href="#" class='search-div'>
				<i class='material-icons'>search</i> Search
				</a>
				<div class='input-field left hide'>
					<input id='search-tests' type='text' class='validate browser-default' placeholder='Search Tests...'>
				</div>
			</div>
			<!-- search -->
		</div>
	</section>
	<div class='subview-left left'>
		<div class='view-summary'>
			<ul id='category-collection' class='category-collection'>
				<li class='category displayed active'>
					<div class='category-heading'>
						<span class='category-name'>@ImportOrder</span>
						<span class='category-status right'>
						<span class='label fail'>1</span>
						</span>
					</div>
					<div class='category-content hide'>
						<div class='category-status-counts'>
							
							<span status="fail" class='label red lighten-1 white-text'>Failed: 1</span>
							
						</div>
						<div class='category-tests'>
							<table class='bordered table-results'>
								<thead>
									<tr>
										<th>Timestamp</th>
										<th>TestName</th>
										<th>Status</th>
									</tr>
								</thead>
								<tbody>
									<tr>
										<td>Feb 11, 2025 10:21:18 PM</td>
										<td class='linked' test-id='109'>Create an order by importing .csv files</td>
										<td><span class='test-status Fail'>Fail</span></td>
									</tr>
								</tbody>
							</table>
						</div>
					</div>
				</li>
				<li class='category displayed active'>
					<div class='category-heading'>
						<span class='category-name'>@ExportOrder</span>
						<span class='category-status right'>
						<span class='label fail'>1</span>
						</span>
					</div>
					<div class='category-content hide'>
						<div class='category-status-counts'>
							
							<span status="fail" class='label red lighten-1 white-text'>Failed: 1</span>
							
						</div>
						<div class='category-tests'>
							<table class='bordered table-results'>
								<thead>
									<tr>
										<th>Timestamp</th>
										<th>TestName</th>
										<th>Status</th>
									</tr>
								</thead>
								<tbody>
									<tr>
										<td>Feb 11, 2025 10:20:30 PM</td>
										<td class='linked' test-id='2'>Create an order Open that order and export the order</td>
										<td><span class='test-status Fail'>Fail</span></td>
									</tr>
								</tbody>
							</table>
						</div>
					</div>
				</li>
			</ul>
		</div>
	</div>
	<div class='subview-right left'>
		<div class='view-summary'>
			<h5 class='category-name'></h5>
		</div>
	</div>
</div>
<!-- category view --><div id='exception-view' class='view hide'>
	<section id='controls'>
		<div class='controls grey lighten-4'>
			<!-- search -->
			<div class='chip transparent' alt='Search Tests' title='Search Tests'>
				<a href="#" class='search-div'>
				<i class='material-icons'>search</i> Search
				</a>
				<div class='input-field left hide'>
					<input id='search-tests' type='text' class='validate browser-default' placeholder='Search Tests...'>
				</div>
			</div>
			<!-- search -->
		</div>
	</section>
	<div class='subview-left left'>
		<div class='view-summary'>
			<ul id='exception-collection' class='exception-collection'>
				<li class='exception displayed active'>
					<div class='exception-heading'>
						<span class='exception-name'>org.openqa.selenium.NoSuchWindowException</span>
						<span class='exception-count right'><span class='label red lighten-1 white-text'>4</span></span>
					</div>
					<div class='exception-content hide'>
						<div class='exception-tests'>
							<table class='bordered table-results'>
								<thead>
									<tr>
										<th>Timestamp</th>
										<th>TestName</th>
										<th>StackTrace</th>
									</tr>
								</thead>
								<tbody>
									<tr>
										<td>Feb 11, 2025 10:20:42 PM</td>
										<td class='linked' test-id='94'>Then User selects Account#</td>
										<td>
											<textarea disabled class="code-block">org.openqa.selenium.NoSuchWindowException: no such window: target window already closed
from unknown error: web view not found
  (Session info: chrome=132.0.6834.160)
Build info: version: '4.27.0', revision: 'd6e718d134'
System info: os.name: 'Windows 11', os.arch: 'amd64', os.version: '10.0', java.version: '22.0.2'
Driver info: org.openqa.selenium.chrome.ChromeDriver
Command: [59263c036ec62a2bec79222b5840df6b, findElement {using=xpath, value=//div[@class='loader']}]
Capabilities {acceptInsecureCerts: false, browserName: chrome, browserVersion: 132.0.6834.160, chrome: {chromedriverVersion: 132.0.6834.159 (2d77d3fc445..., userDataDir: C:\Users\DIVYA~1.RAM\AppDat...}, fedcm:accounts: true, goog:chromeOptions: {debuggerAddress: localhost:56070}, networkConnectionEnabled: false, pageLoadStrategy: normal, platformName: windows, proxy: Proxy(), se:cdp: ws://localhost:56070/devtoo..., se:cdpVersion: 132.0.6834.160, setWindowRect: true, strictFileInteractability: false, timeouts: {implicit: 0, pageLoad: 300000, script: 30000}, unhandledPromptBehavior: dismiss and notify, webauthn:extension:credBlob: true, webauthn:extension:largeBlob: true, webauthn:extension:minPinLength: true, webauthn:extension:prf: true, webauthn:virtualAuthenticators: true}
Session ID: 59263c036ec62a2bec79222b5840df6b
	at java.base/jdk.internal.reflect.DirectConstructorHandleAccessor.newInstance(DirectConstructorHandleAccessor.java:62)
	at java.base/java.lang.reflect.Constructor.newInstanceWithCaller(Constructor.java:502)
	at java.base/java.lang.reflect.Constructor.newInstance(Constructor.java:486)
	at org.openqa.selenium.remote.ErrorCodec.decode(ErrorCodec.java:167)
	at org.openqa.selenium.remote.codec.w3c.W3CHttpResponseCodec.decode(W3CHttpResponseCodec.java:138)
	at org.openqa.selenium.remote.codec.w3c.W3CHttpResponseCodec.decode(W3CHttpResponseCodec.java:50)
	at org.openqa.selenium.remote.HttpCommandExecutor.execute(HttpCommandExecutor.java:190)
	at org.openqa.selenium.remote.service.DriverCommandExecutor.invokeExecute(DriverCommandExecutor.java:216)
	at org.openqa.selenium.remote.service.DriverCommandExecutor.execute(DriverCommandExecutor.java:174)
	at org.openqa.selenium.remote.RemoteWebDriver.execute(RemoteWebDriver.java:545)
	at org.openqa.selenium.remote.ElementLocation$ElementFinder$2.findElement(ElementLocation.java:165)
	at org.openqa.selenium.remote.ElementLocation.findElement(ElementLocation.java:59)
	at org.openqa.selenium.remote.RemoteWebDriver.findElement(RemoteWebDriver.java:368)
	at org.openqa.selenium.remote.RemoteWebDriver.findElement(RemoteWebDriver.java:362)
	at org.openqa.selenium.support.ui.ExpectedConditions$20.apply(ExpectedConditions.java:569)
	at org.openqa.selenium.support.ui.ExpectedConditions$20.apply(ExpectedConditions.java:565)
	at org.openqa.selenium.support.ui.FluentWait.until(FluentWait.java:203)
	at pages_DSD_OMS.orderEntry.OrderEntryPage.ChangeAccount(OrderEntryPage.java:488)
	at stepDefination_DSD_OMS.OrderEntryPageSteps.OrderEntryPageSteps.user_selects_account(OrderEntryPageSteps.java:119)
	at ✽.User selects Account#(file:///C:/Users/Divya.Ramadas/IdeaProjects/ignition-qa/AFS_Automation/OMS_Automation/src/test/resources/features_DSD_OMS/OrderEntryFeature/orderEntryFeature5.feature:10)
</textarea>
										</td>
									</tr>
									<tr>
										<td>Feb 11, 2025 10:20:42 PM</td>
										<td class='linked' test-id='108'>stepDefination_DSD_OMS.LoginPageStep.afterScenario1(io.cucumber.java.Scenario)</td>
										<td>
											<textarea disabled class="code-block">org.openqa.selenium.NoSuchWindowException: no such window: target window already closed
from unknown error: web view not found
  (Session info: chrome=132.0.6834.160)
Build info: version: '4.27.0', revision: 'd6e718d134'
System info: os.name: 'Windows 11', os.arch: 'amd64', os.version: '10.0', java.version: '22.0.2'
Driver info: org.openqa.selenium.chrome.ChromeDriver
Command: [59263c036ec62a2bec79222b5840df6b, findElement {using=xpath, value=//div[@class='loader']}]
Capabilities {acceptInsecureCerts: false, browserName: chrome, browserVersion: 132.0.6834.160, chrome: {chromedriverVersion: 132.0.6834.159 (2d77d3fc445..., userDataDir: C:\Users\DIVYA~1.RAM\AppDat...}, fedcm:accounts: true, goog:chromeOptions: {debuggerAddress: localhost:56070}, networkConnectionEnabled: false, pageLoadStrategy: normal, platformName: windows, proxy: Proxy(), se:cdp: ws://localhost:56070/devtoo..., se:cdpVersion: 132.0.6834.160, setWindowRect: true, strictFileInteractability: false, timeouts: {implicit: 0, pageLoad: 300000, script: 30000}, unhandledPromptBehavior: dismiss and notify, webauthn:extension:credBlob: true, webauthn:extension:largeBlob: true, webauthn:extension:minPinLength: true, webauthn:extension:prf: true, webauthn:virtualAuthenticators: true}
Session ID: 59263c036ec62a2bec79222b5840df6b
	at java.base/jdk.internal.reflect.DirectConstructorHandleAccessor.newInstance(DirectConstructorHandleAccessor.java:62)
	at java.base/java.lang.reflect.Constructor.newInstanceWithCaller(Constructor.java:502)
	at java.base/java.lang.reflect.Constructor.newInstance(Constructor.java:486)
	at org.openqa.selenium.remote.ErrorCodec.decode(ErrorCodec.java:167)
	at org.openqa.selenium.remote.codec.w3c.W3CHttpResponseCodec.decode(W3CHttpResponseCodec.java:138)
	at org.openqa.selenium.remote.codec.w3c.W3CHttpResponseCodec.decode(W3CHttpResponseCodec.java:50)
	at org.openqa.selenium.remote.HttpCommandExecutor.execute(HttpCommandExecutor.java:190)
	at org.openqa.selenium.remote.service.DriverCommandExecutor.invokeExecute(DriverCommandExecutor.java:216)
	at org.openqa.selenium.remote.service.DriverCommandExecutor.execute(DriverCommandExecutor.java:174)
	at org.openqa.selenium.remote.RemoteWebDriver.execute(RemoteWebDriver.java:545)
	at org.openqa.selenium.remote.ElementLocation$ElementFinder$2.findElement(ElementLocation.java:165)
	at org.openqa.selenium.remote.ElementLocation.findElement(ElementLocation.java:59)
	at org.openqa.selenium.remote.RemoteWebDriver.findElement(RemoteWebDriver.java:368)
	at org.openqa.selenium.remote.RemoteWebDriver.findElement(RemoteWebDriver.java:362)
	at org.openqa.selenium.support.ui.ExpectedConditions$20.apply(ExpectedConditions.java:569)
	at org.openqa.selenium.support.ui.ExpectedConditions$20.apply(ExpectedConditions.java:565)
	at org.openqa.selenium.support.ui.FluentWait.until(FluentWait.java:203)
	at pages_DSD_OMS.orderEntry.OrderEntryPage.ChangeAccount(OrderEntryPage.java:488)
	at stepDefination_DSD_OMS.OrderEntryPageSteps.OrderEntryPageSteps.user_selects_account(OrderEntryPageSteps.java:119)
	at ✽.User selects Account#(file:///C:/Users/Divya.Ramadas/IdeaProjects/ignition-qa/AFS_Automation/OMS_Automation/src/test/resources/features_DSD_OMS/OrderEntryFeature/orderEntryFeature5.feature:10)
</textarea>
										</td>
									</tr>
									<tr>
										<td>Feb 11, 2025 10:21:19 PM</td>
										<td class='linked' test-id='201'>Then User selects Account#</td>
										<td>
											<textarea disabled class="code-block">org.openqa.selenium.NoSuchWindowException: no such window: target window already closed
from unknown error: web view not found
  (Session info: chrome=132.0.6834.160)
Build info: version: '4.27.0', revision: 'd6e718d134'
System info: os.name: 'Windows 11', os.arch: 'amd64', os.version: '10.0', java.version: '22.0.2'
Driver info: org.openqa.selenium.chrome.ChromeDriver
Command: [59263c036ec62a2bec79222b5840df6b, findElement {using=xpath, value=//div[@class='loader']}]
Capabilities {acceptInsecureCerts: false, browserName: chrome, browserVersion: 132.0.6834.160, chrome: {chromedriverVersion: 132.0.6834.159 (2d77d3fc445..., userDataDir: C:\Users\DIVYA~1.RAM\AppDat...}, fedcm:accounts: true, goog:chromeOptions: {debuggerAddress: localhost:56070}, networkConnectionEnabled: false, pageLoadStrategy: normal, platformName: windows, proxy: Proxy(), se:cdp: ws://localhost:56070/devtoo..., se:cdpVersion: 132.0.6834.160, setWindowRect: true, strictFileInteractability: false, timeouts: {implicit: 0, pageLoad: 300000, script: 30000}, unhandledPromptBehavior: dismiss and notify, webauthn:extension:credBlob: true, webauthn:extension:largeBlob: true, webauthn:extension:minPinLength: true, webauthn:extension:prf: true, webauthn:virtualAuthenticators: true}
Session ID: 59263c036ec62a2bec79222b5840df6b
	at java.base/jdk.internal.reflect.DirectConstructorHandleAccessor.newInstance(DirectConstructorHandleAccessor.java:62)
	at java.base/java.lang.reflect.Constructor.newInstanceWithCaller(Constructor.java:502)
	at java.base/java.lang.reflect.Constructor.newInstance(Constructor.java:486)
	at org.openqa.selenium.remote.ErrorCodec.decode(ErrorCodec.java:167)
	at org.openqa.selenium.remote.codec.w3c.W3CHttpResponseCodec.decode(W3CHttpResponseCodec.java:138)
	at org.openqa.selenium.remote.codec.w3c.W3CHttpResponseCodec.decode(W3CHttpResponseCodec.java:50)
	at org.openqa.selenium.remote.HttpCommandExecutor.execute(HttpCommandExecutor.java:190)
	at org.openqa.selenium.remote.service.DriverCommandExecutor.invokeExecute(DriverCommandExecutor.java:216)
	at org.openqa.selenium.remote.service.DriverCommandExecutor.execute(DriverCommandExecutor.java:174)
	at org.openqa.selenium.remote.RemoteWebDriver.execute(RemoteWebDriver.java:545)
	at org.openqa.selenium.remote.ElementLocation$ElementFinder$2.findElement(ElementLocation.java:165)
	at org.openqa.selenium.remote.ElementLocation.findElement(ElementLocation.java:59)
	at org.openqa.selenium.remote.RemoteWebDriver.findElement(RemoteWebDriver.java:368)
	at org.openqa.selenium.remote.RemoteWebDriver.findElement(RemoteWebDriver.java:362)
	at org.openqa.selenium.support.ui.ExpectedConditions$20.apply(ExpectedConditions.java:569)
	at org.openqa.selenium.support.ui.ExpectedConditions$20.apply(ExpectedConditions.java:565)
	at org.openqa.selenium.support.ui.FluentWait.until(FluentWait.java:203)
	at pages_DSD_OMS.orderEntry.OrderEntryPage.ChangeAccount(OrderEntryPage.java:488)
	at stepDefination_DSD_OMS.OrderEntryPageSteps.OrderEntryPageSteps.user_selects_account(OrderEntryPageSteps.java:119)
	at ✽.User selects Account#(file:///C:/Users/Divya.Ramadas/IdeaProjects/ignition-qa/AFS_Automation/OMS_Automation/src/test/resources/features_DSD_OMS/OrderEntryFeature/orderEntryFeature5.feature:10)
</textarea>
										</td>
									</tr>
									<tr>
										<td>Feb 11, 2025 10:21:19 PM</td>
										<td class='linked' test-id='211'>stepDefination_DSD_OMS.LoginPageStep.afterScenario1(io.cucumber.java.Scenario)</td>
										<td>
											<textarea disabled class="code-block">org.openqa.selenium.NoSuchWindowException: no such window: target window already closed
from unknown error: web view not found
  (Session info: chrome=132.0.6834.160)
Build info: version: '4.27.0', revision: 'd6e718d134'
System info: os.name: 'Windows 11', os.arch: 'amd64', os.version: '10.0', java.version: '22.0.2'
Driver info: org.openqa.selenium.chrome.ChromeDriver
Command: [59263c036ec62a2bec79222b5840df6b, findElement {using=xpath, value=//div[@class='loader']}]
Capabilities {acceptInsecureCerts: false, browserName: chrome, browserVersion: 132.0.6834.160, chrome: {chromedriverVersion: 132.0.6834.159 (2d77d3fc445..., userDataDir: C:\Users\DIVYA~1.RAM\AppDat...}, fedcm:accounts: true, goog:chromeOptions: {debuggerAddress: localhost:56070}, networkConnectionEnabled: false, pageLoadStrategy: normal, platformName: windows, proxy: Proxy(), se:cdp: ws://localhost:56070/devtoo..., se:cdpVersion: 132.0.6834.160, setWindowRect: true, strictFileInteractability: false, timeouts: {implicit: 0, pageLoad: 300000, script: 30000}, unhandledPromptBehavior: dismiss and notify, webauthn:extension:credBlob: true, webauthn:extension:largeBlob: true, webauthn:extension:minPinLength: true, webauthn:extension:prf: true, webauthn:virtualAuthenticators: true}
Session ID: 59263c036ec62a2bec79222b5840df6b
	at java.base/jdk.internal.reflect.DirectConstructorHandleAccessor.newInstance(DirectConstructorHandleAccessor.java:62)
	at java.base/java.lang.reflect.Constructor.newInstanceWithCaller(Constructor.java:502)
	at java.base/java.lang.reflect.Constructor.newInstance(Constructor.java:486)
	at org.openqa.selenium.remote.ErrorCodec.decode(ErrorCodec.java:167)
	at org.openqa.selenium.remote.codec.w3c.W3CHttpResponseCodec.decode(W3CHttpResponseCodec.java:138)
	at org.openqa.selenium.remote.codec.w3c.W3CHttpResponseCodec.decode(W3CHttpResponseCodec.java:50)
	at org.openqa.selenium.remote.HttpCommandExecutor.execute(HttpCommandExecutor.java:190)
	at org.openqa.selenium.remote.service.DriverCommandExecutor.invokeExecute(DriverCommandExecutor.java:216)
	at org.openqa.selenium.remote.service.DriverCommandExecutor.execute(DriverCommandExecutor.java:174)
	at org.openqa.selenium.remote.RemoteWebDriver.execute(RemoteWebDriver.java:545)
	at org.openqa.selenium.remote.ElementLocation$ElementFinder$2.findElement(ElementLocation.java:165)
	at org.openqa.selenium.remote.ElementLocation.findElement(ElementLocation.java:59)
	at org.openqa.selenium.remote.RemoteWebDriver.findElement(RemoteWebDriver.java:368)
	at org.openqa.selenium.remote.RemoteWebDriver.findElement(RemoteWebDriver.java:362)
	at org.openqa.selenium.support.ui.ExpectedConditions$20.apply(ExpectedConditions.java:569)
	at org.openqa.selenium.support.ui.ExpectedConditions$20.apply(ExpectedConditions.java:565)
	at org.openqa.selenium.support.ui.FluentWait.until(FluentWait.java:203)
	at pages_DSD_OMS.orderEntry.OrderEntryPage.ChangeAccount(OrderEntryPage.java:488)
	at stepDefination_DSD_OMS.OrderEntryPageSteps.OrderEntryPageSteps.user_selects_account(OrderEntryPageSteps.java:119)
	at ✽.User selects Account#(file:///C:/Users/Divya.Ramadas/IdeaProjects/ignition-qa/AFS_Automation/OMS_Automation/src/test/resources/features_DSD_OMS/OrderEntryFeature/orderEntryFeature5.feature:10)
</textarea>
										</td>
									</tr>
								</tbody>
							</table>
						</div>
					</div>
				</li>
			</ul>
		</div>
	</div>
	<div class='subview-right left'>
		<div class='view-summary'>
			<h5 class='exception-name'></h5>
		</div>
	</div>
</div>
<!-- exception view --><div id='dashboard-view' class='view hide'>
	<div class='card-panel transparent np-v'>
		<h5>Dashboard</h5>

		<div class='row'>
			<div class='col s2'>
				<div class='card-panel r'>
					Features
					<div class='panel-lead'>1</div>
				</div>
			</div>
			<div class='col s2'>
				<div class='card-panel r'>
					Scenarios
					<div class='panel-lead'>2</div>
				</div>
			</div>
			<div class='col s2'>
				<div class='card-panel r'>
					Steps
					<div class='panel-lead'>34</div>
				</div>
			</div>
			<div class='col s2'>
				<div class='card-panel r'>
					Start
					<div class='panel-lead'>Feb 11, 2025 10:18:23 PM</div>
				</div>
			</div>
			<div class='col s2'>
				<div class='card-panel r'>
			 		End
			 		<div class='panel-lead'>Feb 11, 2025 10:21:21 PM</div>
				</div>
			</div>
			<div class='col s2'>
				<div class='card-panel r'>
					Time Taken
					<div class='panel-lead'>00 02 57.121</div>
				</div>
			</div>
			<div class='col s4'>
				<div class='card-panel dashboard-environment'>
					<span class='right label cyan white-text'>Environment</span><p>&nbsp;</p>
					
					<table>
						<tr>
							<th>Name</th>
							<th>Value</th>
						</tr>
							<tr>
								<td>browser</td>
								<td>Browser</td>
							</tr>
							<tr>
								<td>browserversion</td>
								<td>browserVersion</td>
							</tr>
							<tr>
								<td>os</td>
								<td>windows</td>
							</tr>
					</table>
				</div>
			</div>
			<div class='col s6'>
				<div class='card-panel dashboard-categories'>
					<span class='right label cyan white-text'>Categories</span><p>&nbsp;</p>
					
					<table>
						<tr>
							<th>Name</th>
							<th>Passed</th>
							<th>Failed</th>
							<th>Skipped</th>
							<th>Passed %</th>
						</tr>
						<tr>
							<td>@ImportOrder</td>
							<td>0</td>
							<td>1</td>
							<td>0</td>
							<td>
									0%
							</td>
						</tr>
						<tr>
							<td>@ExportOrder</td>
							<td>0</td>
							<td>1</td>
							<td>0</td>
							<td>
									0%
							</td>
						</tr>
					</table>
				</div>
			</div>
		</div>
	</div>
</div>
<!-- dashboard view -->
		</div>
		<!-- container -->
		<script>
			var statusGroup = {
                parentCount: 1,
				passParent: 0,
				failParent: 1,
				fatalParent: 0,
				errorParent: 0,
				warningParent: 0,
				skipParent: 0,
				childCount: 2,
				passChild: 0,
				failChild: 2,
				fatalChild: 0,
				errorChild: 0,
				warningChild: 0,
				skipChild: 0,
				infoChild: 0,
				grandChildCount: 34,
				passGrandChild: 8,
				failGrandChild: 4,
				fatalGrandChild: 0,
				errorGrandChild: 0,
				warningGrandChild: 0,
				skipGrandChild: 22,
				infoGrandChild: 0,
			};
			</script>
		
		<script>
			var timeline = {
			        "Order Entry5":48.746
			};
		</script>
		
		  <script src='https://cdn.jsdelivr.net/gh/extent-framework/extent-github-cdn@ff53917fbbdb5ef820abbbe4d199a6942dc771ff/v3html/js/extent.js' type='text/javascript'></script>
		
		
		<script type='text/javascript'>
				
		</script> 

	</body>
</html>